#
# A fatal error has been detected by the Java Runtime Environment:
#
#  SIGSEGV (0xb) at pc=0xb77a46c6, pid=8742, tid=2781539184
#
# JRE version: 7.0_10-b18
# Java VM: Java HotSpot(TM) Server VM (23.6-b04 mixed mode linux-x86 )
# Problematic frame:
# C  [libc.so.6+0x11b6c6]  getaliasbyname_r+0x4a96
#
# Failed to write core dump. Core dumps have been disabled. To enable core dumping, try "ulimit -c unlimited" before starting Java again
#
# If you would like to submit a bug report, please visit:
#   http://bugreport.sun.com/bugreport/crash.jsp
# The crash happened outside the Java Virtual Machine in native code.
# See problematic frame for where to report the bug.
#

---------------  T H R E A D  ---------------

Current thread (0x0b25f000):  JavaThread "10728311@qtp-32468740-145" [_thread_in_native, id=17198, stack(0xa5c5e000,0xa5caf000)]

siginfo:si_signo=SIGSEGV: si_errno=0, si_code=2 (SEGV_ACCERR), si_addr=0xa6854000

Registers:
EAX=0xa6853eb0, EBX=0xb77ce990, ECX=0x00006cd7, EDX=0x0b27dba0
ESP=0xa5cab494, EBP=0xa5cab538, ESI=0x00006863, EDI=0x00000140
EIP=0xb77a46c6, EFLAGS=0x00010206, CR2=0xa6854000

Top of Stack: (sp=0xa5cab494)
0xa5cab494:   0b268df8 b69671f0 b69549e6 0b27db92
0xa5cab4a4:   a6853ea8 00006e45 2e6c6974 73616c63
0xa5cab4b4:   0a002f73 6f635f78 70662f6d 2f736d63
0xa5cab4c4:   6d6d6f63 752f6e6f 2e6c6974 73616c63
0xa5cab4d4:   6d002f73 752f6e6f b70075de 73616c63
0xa5cab4e4:   a880dc00 a7f24c88 0b268df8 0a8b7308
0xa5cab4f4:   69676e45 7373616c 00000000 00006863
0xa5cab504:   00006e45 0b268df8 a684d617 a6853ea8 

Instructions: (pc=0xb77a46c6)
0xb77a46a6:   e3 89 f6 8d bc 27 00 00 00 00 81 c3 e0 a2 02 00
0xb77a46b6:   8d 40 fa 0f 28 08 31 ff 8d 49 e0 f3 0f 7f 06 5e
0xb77a46c6:   66 0f 6f 54 38 10 83 e9 20 66 0f 6f 5c 38 20 66
0xb77a46d6:   0f 6f e3 66 0f 3a 0f da 06 66 0f 3a 0f d1 06 8d 

Register to memory mapping:

EAX=0xa6853eb0 is an unknown value
EBX=0xb77ce990: <offset 0x145990> in /lib/i386-linux-gnu/libc.so.6 at 0xb7689000
ECX=0x00006cd7 is an unknown value
EDX=0x0b27dba0 is an unknown value
ESP=0xa5cab494 is pointing into the stack for thread: 0x0b25f000
EBP=0xa5cab538 is pointing into the stack for thread: 0x0b25f000
ESI=0x00006863 is an unknown value
EDI=0x00000140 is an unknown value


Stack: [0xa5c5e000,0xa5caf000],  sp=0xa5cab494,  free space=309k
Native frames: (J=compiled Java code, j=interpreted, Vv=VM code, C=native code)
C  [libc.so.6+0x11b6c6]  getaliasbyname_r+0x4a96
C  [libzip.so+0x5008]  ZIP_GetEntry+0xc8
C  [libzip.so+0x3a01]  Java_java_util_zip_ZipFile_getEntry+0xc1
J  java.util.zip.ZipFile.getEntry(J[BZ)J

Java frames: (J=compiled Java code, j=interpreted, Vv=VM code)
J  java.util.zip.ZipFile.getEntry(J[BZ)J
J  java.util.zip.ZipFile.getEntry(Ljava/lang/String;)Ljava/util/zip/ZipEntry;
J  sun.misc.URLClassPath$JarLoader.getResource(Ljava/lang/String;Z)Lsun/misc/Resource;
J  sun.misc.URLClassPath.findResource(Ljava/lang/String;Z)Ljava/net/URL;
j  java.net.URLClassLoader$2.run()Ljava/net/URL;+12
j  java.net.URLClassLoader$2.run()Ljava/lang/Object;+1
v  ~StubRoutines::call_stub
j  java.security.AccessController.doPrivileged(Ljava/security/PrivilegedAction;Ljava/security/AccessControlContext;)Ljava/lang/Object;+0
j  java.net.URLClassLoader.findResource(Ljava/lang/String;)Ljava/net/URL;+13
j  org.mortbay.jetty.webapp.WebAppClassLoader.getResource(Ljava/lang/String;)Ljava/net/URL;+46
j  java.lang.ClassLoader.getResource(Ljava/lang/String;)Ljava/net/URL;+12
j  java.net.URLClassLoader.getResourceAsStream(Ljava/lang/String;)Ljava/io/InputStream;+2
j  org.apache.jasper.compiler.JDTJavaCompiler$1.findType(Ljava/lang/String;)Lorg/eclipse/jdt/internal/compiler/env/NameEnvironmentAnswer;+79
j  org.apache.jasper.compiler.JDTJavaCompiler$1.findType([C[[C)Lorg/eclipse/jdt/internal/compiler/env/NameEnvironmentAnswer;+124
j  org.eclipse.jdt.internal.compiler.lookup.LookupEnvironment.askForType(Lorg/eclipse/jdt/internal/compiler/lookup/PackageBinding;[C)Lorg/eclipse/jdt/internal/compiler/lookup/ReferenceBinding;+27
j  org.eclipse.jdt.internal.compiler.lookup.PackageBinding.getTypeOrPackage([C)Lorg/eclipse/jdt/internal/compiler/lookup/Binding;+76
j  org.eclipse.jdt.internal.compiler.lookup.CompilationUnitScope.findImport([[CI)Lorg/eclipse/jdt/internal/compiler/lookup/Binding;+41
j  org.eclipse.jdt.internal.compiler.lookup.CompilationUnitScope.findSingleImport([[CZ)Lorg/eclipse/jdt/internal/compiler/lookup/Binding;+91
j  org.eclipse.jdt.internal.compiler.lookup.CompilationUnitScope.faultInImports()V+436
j  org.eclipse.jdt.internal.compiler.lookup.CompilationUnitScope.faultInTypes()V+1
j  org.eclipse.jdt.internal.compiler.Compiler.process(Lorg/eclipse/jdt/internal/compiler/ast/CompilationUnitDeclaration;I)V+19
j  org.eclipse.jdt.internal.compiler.Compiler.compile([Lorg/eclipse/jdt/internal/compiler/env/ICompilationUnit;)V+86
j  org.apache.jasper.compiler.JDTJavaCompiler.compile(Ljava/lang/String;Lorg/apache/jasper/compiler/Node$Nodes;)[Lorg/apache/jasper/compiler/JavacErrorDetail;+230
j  org.apache.jasper.compiler.Compiler.generateClass()V+362
j  org.apache.jasper.compiler.Compiler.compile(Z)V+46
j  org.apache.jasper.JspCompilationContext.compile()V+28
j  org.apache.jasper.servlet.JspServletWrapper.service(Ljavax/servlet/http/HttpServletRequest;Ljavax/servlet/http/HttpServletResponse;Z)V+108
j  org.apache.jasper.servlet.JspServlet.serviceJspFile(Ljavax/servlet/http/HttpServletRequest;Ljavax/servlet/http/HttpServletResponse;Ljava/lang/String;Ljava/lang/Throwable;Z)V+190
j  org.apache.jasper.servlet.JspServlet.service(Ljavax/servlet/http/HttpServletRequest;Ljavax/servlet/http/HttpServletResponse;)V+427
j  javax.servlet.http.HttpServlet.service(Ljavax/servlet/ServletRequest;Ljavax/servlet/ServletResponse;)V+30
j  org.mortbay.jetty.servlet.ServletHolder.handle(Ljavax/servlet/ServletRequest;Ljavax/servlet/ServletResponse;)V+176
j  org.mortbay.jetty.servlet.ServletHandler$CachedChain.doFilter(Ljavax/servlet/ServletRequest;Ljavax/servlet/ServletResponse;)V+103
j  org.springframework.web.filter.OncePerRequestFilter.doFilter(Ljavax/servlet/ServletRequest;Ljavax/servlet/ServletResponse;Ljavax/servlet/FilterChain;)V+65
j  org.mortbay.jetty.servlet.ServletHandler$CachedChain.doFilter(Ljavax/servlet/ServletRequest;Ljavax/servlet/ServletResponse;)V+53
j  org.mortbay.jetty.servlet.ServletHandler.handle(Ljava/lang/String;Ljavax/servlet/http/HttpServletRequest;Ljavax/servlet/http/HttpServletResponse;I)V+465
j  org.mortbay.jetty.security.SecurityHandler.handle(Ljava/lang/String;Ljavax/servlet/http/HttpServletRequest;Ljavax/servlet/http/HttpServletResponse;I)V+206
j  org.mortbay.jetty.servlet.SessionHandler.handle(Ljava/lang/String;Ljavax/servlet/http/HttpServletRequest;Ljavax/servlet/http/HttpServletResponse;I)V+225
j  org.mortbay.jetty.handler.ContextHandler.handle(Ljava/lang/String;Ljavax/servlet/http/HttpServletRequest;Ljavax/servlet/http/HttpServletResponse;I)V+721
j  org.mortbay.jetty.webapp.WebAppContext.handle(Ljava/lang/String;Ljavax/servlet/http/HttpServletRequest;Ljavax/servlet/http/HttpServletResponse;I)V+25
j  org.mortbay.jetty.servlet.Dispatcher.forward(Ljavax/servlet/ServletRequest;Ljavax/servlet/ServletResponse;I)V+753
j  org.mortbay.jetty.servlet.Dispatcher.forward(Ljavax/servlet/ServletRequest;Ljavax/servlet/ServletResponse;)V+4
j  org.springframework.web.servlet.view.InternalResourceView.renderMergedOutputModel(Ljava/util/Map;Ljavax/servlet/http/HttpServletRequest;Ljavax/servlet/http/HttpServletResponse;)V+234
j  org.springframework.web.servlet.view.AbstractView.render(Ljava/util/Map;Ljavax/servlet/http/HttpServletRequest;Ljavax/servlet/http/HttpServletResponse;)V+155
j  org.springframework.web.servlet.DispatcherServlet.render(Lorg/springframework/web/servlet/ModelAndView;Ljavax/servlet/http/HttpServletRequest;Ljavax/servlet/http/HttpServletResponse;)V+223
J  org.springframework.web.servlet.DispatcherServlet.doDispatch(Ljavax/servlet/http/HttpServletRequest;Ljavax/servlet/http/HttpServletResponse;)V
J  org.springframework.web.servlet.DispatcherServlet.doService(Ljavax/servlet/http/HttpServletRequest;Ljavax/servlet/http/HttpServletResponse;)V
j  org.springframework.web.servlet.FrameworkServlet.processRequest(Ljavax/servlet/http/HttpServletRequest;Ljavax/servlet/http/HttpServletResponse;)V+111
j  org.springframework.web.servlet.FrameworkServlet.doGet(Ljavax/servlet/http/HttpServletRequest;Ljavax/servlet/http/HttpServletResponse;)V+3
j  javax.servlet.http.HttpServlet.service(Ljavax/servlet/http/HttpServletRequest;Ljavax/servlet/http/HttpServletResponse;)V+35
j  javax.servlet.http.HttpServlet.service(Ljavax/servlet/ServletRequest;Ljavax/servlet/ServletResponse;)V+30
j  org.mortbay.jetty.servlet.ServletHolder.handle(Ljavax/servlet/ServletRequest;Ljavax/servlet/ServletResponse;)V+176
j  org.mortbay.jetty.servlet.ServletHandler$CachedChain.doFilter(Ljavax/servlet/ServletRequest;Ljavax/servlet/ServletResponse;)V+103
j  com.fpcms.common.web.filter.StrSubstitutorFilter.doFilterInternal(Ljavax/servlet/http/HttpServletRequest;Ljavax/servlet/http/HttpServletResponse;Ljavax/servlet/FilterChain;)V+36
j  org.springframework.web.filter.OncePerRequestFilter.doFilter(Ljavax/servlet/ServletRequest;Ljavax/servlet/ServletResponse;Ljavax/servlet/FilterChain;)V+90
j  org.mortbay.jetty.servlet.ServletHandler$CachedChain.doFilter(Ljavax/servlet/ServletRequest;Ljavax/servlet/ServletResponse;)V+53
j  com.fpcms.common.web.filter.LoggerMDCFilter.doFilterInternal(Ljavax/servlet/http/HttpServletRequest;Ljavax/servlet/http/HttpServletResponse;Ljavax/servlet/FilterChain;)V+151
j  org.springframework.web.filter.OncePerRequestFilter.doFilter(Ljavax/servlet/ServletRequest;Ljavax/servlet/ServletResponse;Ljavax/servlet/FilterChain;)V+90
j  org.mortbay.jetty.servlet.ServletHandler$CachedChain.doFilter(Ljavax/servlet/ServletRequest;Ljavax/servlet/ServletResponse;)V+53
j  org.springframework.web.filter.OncePerRequestFilter.doFilter(Ljavax/servlet/ServletRequest;Ljavax/servlet/ServletResponse;Ljavax/servlet/FilterChain;)V+65
j  org.mortbay.jetty.servlet.ServletHandler$CachedChain.doFilter(Ljavax/servlet/ServletRequest;Ljavax/servlet/ServletResponse;)V+53
j  org.mortbay.jetty.servlet.ServletHandler.handle(Ljava/lang/String;Ljavax/servlet/http/HttpServletRequest;Ljavax/servlet/http/HttpServletResponse;I)V+465
j  org.mortbay.jetty.security.SecurityHandler.handle(Ljava/lang/String;Ljavax/servlet/http/HttpServletRequest;Ljavax/servlet/http/HttpServletResponse;I)V+206
j  org.mortbay.jetty.servlet.SessionHandler.handle(Ljava/lang/String;Ljavax/servlet/http/HttpServletRequest;Ljavax/servlet/http/HttpServletResponse;I)V+225
j  org.mortbay.jetty.handler.ContextHandler.handle(Ljava/lang/String;Ljavax/servlet/http/HttpServletRequest;Ljavax/servlet/http/HttpServletResponse;I)V+721
j  org.mortbay.jetty.webapp.WebAppContext.handle(Ljava/lang/String;Ljavax/servlet/http/HttpServletRequest;Ljavax/servlet/http/HttpServletResponse;I)V+25
j  org.mortbay.jetty.servlet.Dispatcher.forward(Ljavax/servlet/ServletRequest;Ljavax/servlet/ServletResponse;I)V+753
j  org.mortbay.jetty.servlet.Dispatcher.forward(Ljavax/servlet/ServletRequest;Ljavax/servlet/ServletResponse;)V+4
j  org.apache.jasper.runtime.PageContextImpl.forward(Ljava/lang/String;)V+125
j  org.apache.jsp.index_jsp._jspService(Ljavax/servlet/http/HttpServletRequest;Ljavax/servlet/http/HttpServletResponse;)V+107
j  org.apache.jasper.runtime.HttpJspBase.service(Ljavax/servlet/http/HttpServletRequest;Ljavax/servlet/http/HttpServletResponse;)V+3
j  javax.servlet.http.HttpServlet.service(Ljavax/servlet/ServletRequest;Ljavax/servlet/ServletResponse;)V+30
j  org.apache.jasper.servlet.JspServletWrapper.service(Ljavax/servlet/http/HttpServletRequest;Ljavax/servlet/http/HttpServletResponse;Z)V+199
j  org.apache.jasper.servlet.JspServlet.serviceJspFile(Ljavax/servlet/http/HttpServletRequest;Ljavax/servlet/http/HttpServletResponse;Ljava/lang/String;Ljava/lang/Throwable;Z)V+190
j  org.apache.jasper.servlet.JspServlet.service(Ljavax/servlet/http/HttpServletRequest;Ljavax/servlet/http/HttpServletResponse;)V+427
j  javax.servlet.http.HttpServlet.service(Ljavax/servlet/ServletRequest;Ljavax/servlet/ServletResponse;)V+30
j  org.mortbay.jetty.servlet.ServletHolder.handle(Ljavax/servlet/ServletRequest;Ljavax/servlet/ServletResponse;)V+176
j  org.mortbay.jetty.servlet.ServletHandler$CachedChain.doFilter(Ljavax/servlet/ServletRequest;Ljavax/servlet/ServletResponse;)V+103
j  org.springframework.web.filter.OncePerRequestFilter.doFilter(Ljavax/servlet/ServletRequest;Ljavax/servlet/ServletResponse;Ljavax/servlet/FilterChain;)V+65
j  org.mortbay.jetty.servlet.ServletHandler$CachedChain.doFilter(Ljavax/servlet/ServletRequest;Ljavax/servlet/ServletResponse;)V+53
j  org.mortbay.jetty.servlet.ServletHandler.handle(Ljava/lang/String;Ljavax/servlet/http/HttpServletRequest;Ljavax/servlet/http/HttpServletResponse;I)V+465
j  org.mortbay.jetty.security.SecurityHandler.handle(Ljava/lang/String;Ljavax/servlet/http/HttpServletRequest;Ljavax/servlet/http/HttpServletResponse;I)V+206
j  org.mortbay.jetty.servlet.SessionHandler.handle(Ljava/lang/String;Ljavax/servlet/http/HttpServletRequest;Ljavax/servlet/http/HttpServletResponse;I)V+225
j  org.mortbay.jetty.handler.ContextHandler.handle(Ljava/lang/String;Ljavax/servlet/http/HttpServletRequest;Ljavax/servlet/http/HttpServletResponse;I)V+721
j  org.mortbay.jetty.webapp.WebAppContext.handle(Ljava/lang/String;Ljavax/servlet/http/HttpServletRequest;Ljavax/servlet/http/HttpServletResponse;I)V+25
j  org.mortbay.jetty.servlet.Dispatcher.forward(Ljavax/servlet/ServletRequest;Ljavax/servlet/ServletResponse;I)V+753
j  org.mortbay.jetty.servlet.Dispatcher.forward(Ljavax/servlet/ServletRequest;Ljavax/servlet/ServletResponse;)V+4
j  org.mortbay.jetty.servlet.DefaultServlet.doGet(Ljavax/servlet/http/HttpServletRequest;Ljavax/servlet/http/HttpServletResponse;)V+1012
j  javax.servlet.http.HttpServlet.service(Ljavax/servlet/http/HttpServletRequest;Ljavax/servlet/http/HttpServletResponse;)V+35
j  javax.servlet.http.HttpServlet.service(Ljavax/servlet/ServletRequest;Ljavax/servlet/ServletResponse;)V+30
j  org.mortbay.jetty.servlet.ServletHolder.handle(Ljavax/servlet/ServletRequest;Ljavax/servlet/ServletResponse;)V+176
j  org.mortbay.jetty.servlet.ServletHandler$CachedChain.doFilter(Ljavax/servlet/ServletRequest;Ljavax/servlet/ServletResponse;)V+103
j  com.fpcms.common.web.filter.CmsSiteExistsFilter.doFilterInternal(Ljavax/servlet/http/HttpServletRequest;Ljavax/servlet/http/HttpServletResponse;Ljavax/servlet/FilterChain;)V+52
j  org.springframework.web.filter.OncePerRequestFilter.doFilter(Ljavax/servlet/ServletRequest;Ljavax/servlet/ServletResponse;Ljavax/servlet/FilterChain;)V+90
j  org.mortbay.jetty.servlet.ServletHandler$CachedChain.doFilter(Ljavax/servlet/ServletRequest;Ljavax/servlet/ServletResponse;)V+53
j  com.fpcms.common.web.filter.RedirectLocation301Filter.doFilterInternal(Ljavax/servlet/http/HttpServletRequest;Ljavax/servlet/http/HttpServletResponse;Ljavax/servlet/FilterChain;)V+13
j  org.springframework.web.filter.OncePerRequestFilter.doFilter(Ljavax/servlet/ServletRequest;Ljavax/servlet/ServletResponse;Ljavax/servlet/FilterChain;)V+90
j  org.mortbay.jetty.servlet.ServletHandler$CachedChain.doFilter(Ljavax/servlet/ServletRequest;Ljavax/servlet/ServletResponse;)V+53
j  org.mortbay.jetty.servlet.ServletHandler.handle(Ljava/lang/String;Ljavax/servlet/http/HttpServletRequest;Ljavax/servlet/http/HttpServletResponse;I)V+465
j  org.mortbay.jetty.security.SecurityHandler.handle(Ljava/lang/String;Ljavax/servlet/http/HttpServletRequest;Ljavax/servlet/http/HttpServletResponse;I)V+206
j  org.mortbay.jetty.servlet.SessionHandler.handle(Ljava/lang/String;Ljavax/servlet/http/HttpServletRequest;Ljavax/servlet/http/HttpServletResponse;I)V+225
j  org.mortbay.jetty.handler.ContextHandler.handle(Ljava/lang/String;Ljavax/servlet/http/HttpServletRequest;Ljavax/servlet/http/HttpServletResponse;I)V+721
j  org.mortbay.jetty.webapp.WebAppContext.handle(Ljava/lang/String;Ljavax/servlet/http/HttpServletRequest;Ljavax/servlet/http/HttpServletResponse;I)V+25
j  org.mortbay.jetty.handler.ContextHandlerCollection.handle(Ljava/lang/String;Ljavax/servlet/http/HttpServletRequest;Ljavax/servlet/http/HttpServletResponse;I)V+373
j  org.mortbay.jetty.handler.HandlerCollection.handle(Ljava/lang/String;Ljavax/servlet/http/HttpServletRequest;Ljavax/servlet/http/HttpServletResponse;I)V+42
j  org.mortbay.jetty.handler.HandlerWrapper.handle(Ljava/lang/String;Ljavax/servlet/http/HttpServletRequest;Ljavax/servlet/http/HttpServletResponse;I)V+23
j  org.mortbay.jetty.Server.handle(Lorg/mortbay/jetty/HttpConnection;)V+110
j  org.mortbay.jetty.HttpConnection.handleRequest()V+137
j  org.mortbay.jetty.HttpConnection$RequestHandler.headerComplete()V+466
J  org.mortbay.jetty.HttpParser.parseNext()J
j  org.mortbay.jetty.HttpParser.parseAvailable()J+1
j  org.mortbay.jetty.HttpConnection.handle()V+122
j  org.mortbay.io.nio.SelectChannelEndPoint.run()V+4
j  org.mortbay.thread.QueuedThreadPool$PoolThread.run()V+25
v  ~StubRoutines::call_stub

---------------  P R O C E S S  ---------------

Java Threads: ( => current thread )
  0x0b25f400 JavaThread "18298760@qtp-32468740-146" [_thread_blocked, id=17199, stack(0xa44af000,0xa4500000)]
=>0x0b25f000 JavaThread "10728311@qtp-32468740-145" [_thread_in_native, id=17198, stack(0xa5c5e000,0xa5caf000)]
  0x0a3b1800 JavaThread "14266617@qtp-32468740-135" [_thread_blocked, id=16367, stack(0xa445e000,0xa44af000)]
  0x0b03cc00 JavaThread "pool-1-thread-2" [_thread_blocked, id=9768, stack(0xa57af000,0xa5800000)]
  0x0b039000 JavaThread "pool-2-thread-2" [_thread_blocked, id=9278, stack(0xa5c0d000,0xa5c5e000)]
  0x0a25cc00 JavaThread "MultiThreadedHttpConnectionManager cleanup" daemon [_thread_blocked, id=9210, stack(0xa5707000,0xa5758000)]
  0x0a9b9c00 JavaThread "com.mchange.v2.async.ThreadPoolAsynchronousRunner$PoolThread-#2" daemon [_thread_blocked, id=8868, stack(0xa5caf000,0xa5d00000)]
  0x0a831c00 JavaThread "com.mchange.v2.async.ThreadPoolAsynchronousRunner$PoolThread-#1" daemon [_thread_blocked, id=8867, stack(0xa600d000,0xa605e000)]
  0x0a82f800 JavaThread "com.mchange.v2.async.ThreadPoolAsynchronousRunner$PoolThread-#0" daemon [_thread_blocked, id=8866, stack(0xa605e000,0xa60af000)]
  0x0a9bc800 JavaThread "Timer-1" daemon [_thread_blocked, id=8865, stack(0xa6205000,0xa6256000)]
  0x0a14f000 JavaThread "pool-2-thread-1" [_thread_blocked, id=8759, stack(0xa6276000,0xa62c7000)]
  0x0a14cc00 JavaThread "pool-1-thread-1" [_thread_blocked, id=8758, stack(0xa62c7000,0xa6318000)]
  0x0b1b2000 JavaThread "Timer-0" daemon [_thread_blocked, id=8757, stack(0xa60af000,0xa6100000)]
  0x0a8bd000 JavaThread "27097417@qtp-32468740-1 - Acceptor0 SelectChannelConnector@0.0.0.0:29999" [_thread_in_native, id=8756, stack(0xa6854000,0xa68a5000)]
  0x0a072c00 JavaThread "Service Thread" daemon [_thread_blocked, id=8751, stack(0xa7518000,0xa7569000)]
  0x0a068400 JavaThread "C2 CompilerThread1" daemon [_thread_blocked, id=8750, stack(0xa7569000,0xa75ea000)]
  0x0a066800 JavaThread "C2 CompilerThread0" daemon [_thread_blocked, id=8749, stack(0xa75ea000,0xa766b000)]
  0x0a064c00 JavaThread "Signal Dispatcher" daemon [_thread_blocked, id=8748, stack(0xa766b000,0xa76bc000)]
  0x0a027000 JavaThread "Finalizer" daemon [_thread_blocked, id=8747, stack(0xa78bc000,0xa790d000)]
  0x0a025400 JavaThread "Reference Handler" daemon [_thread_blocked, id=8746, stack(0xa790d000,0xa795e000)]
  0x09faa000 JavaThread "main" [_thread_blocked, id=8744, stack(0xb69e4000,0xb6a35000)]

Other Threads:
  0x0a01fc00 VMThread [stack: 0xa795e000,0xa79df000] [id=8745]
  0x0a075000 WatcherThread [stack: 0xa7497000,0xa7518000] [id=8752]

VM state:not at safepoint (normal execution)

VM Mutex/Monitor currently owned by a thread: None

Heap
 def new generation   total 36160K, used 13416K [0xa7c90000, 0xaa3c0000, 0xaa5e0000)
  eden space 32192K,  36% used [0xa7c90000, 0xa881c238, 0xa9c00000)
  from space 3968K,  40% used [0xa9fe0000, 0xaa16e0a8, 0xaa3c0000)
  to   space 3968K,   0% used [0xa9c00000, 0xa9c00000, 0xa9fe0000)
 tenured generation   total 80136K, used 56884K [0xaa5e0000, 0xaf422000, 0xaf890000)
   the space 80136K,  70% used [0xaa5e0000, 0xadd6d378, 0xadd6d400, 0xaf422000)
 compacting perm gen  total 34304K, used 34102K [0xaf890000, 0xb1a10000, 0xb3890000)
   the space 34304K,  99% used [0xaf890000, 0xb19ddbf0, 0xb19ddc00, 0xb1a10000)
No shared spaces configured.

Card table byte_map: [0xa7c31000,0xa7c90000] byte_map_base: 0xa76f2b80

Polling page: 0xb7827000

Code Cache  [0xb3950000, 0xb3f58000, 0xb6950000)
 total_blobs=1866 nmethods=1700 adapters=117 free_code_cache=43058Kb largest_free_block=44024576

Compilation events (10 events):
Event: 32695.631 Thread 0x0a066800 1864             sun.nio.ch.EPollArrayWrapper::poll (70 bytes)
Event: 32695.634 Thread 0x0a066800 nmethod 1864 0xb3f00388 code [0xb3f00480, 0xb3f00584]
Event: 33280.619 Thread 0x0a066800 1865             org.apache.jasper.compiler.JspUtil::escapeXml (127 bytes)
Event: 33280.630 Thread 0x0a066800 nmethod 1865 0xb3f2f088 code [0xb3f2f200, 0xb3f2f518]
Event: 33282.242 Thread 0x0a068400 1866             java.lang.Class$MethodArray::addAll (22 bytes)
Event: 33282.264 Thread 0x0a068400 nmethod 1866 0xb3f2bf08 code [0xb3f2c020, 0xb3f2c2d0]
Event: 33290.143 Thread 0x0a066800 1867   !         sun.misc.URLClassPath$JarLoader::getResource (353 bytes)
Event: 33290.163 Thread 0x0a068400 1868             sun.misc.JarIndex::get (49 bytes)
Event: 33290.274 Thread 0x0a068400 nmethod 1868 0xb3f00848 code [0xb3f009e0, 0xb3f01510]
Event: 33290.598 Thread 0x0a066800 nmethod 1867 0xb3f4e148 code [0xb3f4e5a0, 0xb3f50930]

GC Heap History (10 events):
Event: 33038.828 GC heap before
{Heap before GC invocations=555 (full 10):
 def new generation   total 36160K, used 33949K [0xa7c90000, 0xaa3c0000, 0xaa5e0000)
  eden space 32192K, 100% used [0xa7c90000, 0xa9c00000, 0xa9c00000)
  from space 3968K,  44% used [0xa9c00000, 0xa9db77f8, 0xa9fe0000)
  to   space 3968K,   0% used [0xa9fe0000, 0xa9fe0000, 0xaa3c0000)
 tenured generation   total 80136K, used 56653K [0xaa5e0000, 0xaf422000, 0xaf890000)
   the space 80136K,  70% used [0xaa5e0000, 0xadd33598, 0xadd33600, 0xaf422000)
 compacting perm gen  total 34304K, used 34053K [0xaf890000, 0xb1a10000, 0xb3890000)
   the space 34304K,  99% used [0xaf890000, 0xb19d1498, 0xb19d1600, 0xb1a10000)
No shared spaces configured.
Event: 33038.835 GC heap after
Heap after GC invocations=556 (full 10):
 def new generation   total 36160K, used 1975K [0xa7c90000, 0xaa3c0000, 0xaa5e0000)
  eden space 32192K,   0% used [0xa7c90000, 0xa7c90000, 0xa9c00000)
  from space 3968K,  49% used [0xa9fe0000, 0xaa1cdef8, 0xaa3c0000)
  to   space 3968K,   0% used [0xa9c00000, 0xa9c00000, 0xa9fe0000)
 tenured generation   total 80136K, used 56653K [0xaa5e0000, 0xaf422000, 0xaf890000)
   the space 80136K,  70% used [0xaa5e0000, 0xadd33598, 0xadd33600, 0xaf422000)
 compacting perm gen  total 34304K, used 34053K [0xaf890000, 0xb1a10000, 0xb3890000)
   the space 34304K,  99% used [0xaf890000, 0xb19d1498, 0xb19d1600, 0xb1a10000)
No shared spaces configured.
}
Event: 33242.079 GC heap before
{Heap before GC invocations=556 (full 10):
 def new generation   total 36160K, used 34167K [0xa7c90000, 0xaa3c0000, 0xaa5e0000)
  eden space 32192K, 100% used [0xa7c90000, 0xa9c00000, 0xa9c00000)
  from space 3968K,  49% used [0xa9fe0000, 0xaa1cdef8, 0xaa3c0000)
  to   space 3968K,   0% used [0xa9c00000, 0xa9c00000, 0xa9fe0000)
 tenured generation   total 80136K, used 56653K [0xaa5e0000, 0xaf422000, 0xaf890000)
   the space 80136K,  70% used [0xaa5e0000, 0xadd33598, 0xadd33600, 0xaf422000)
 compacting perm gen  total 34304K, used 34053K [0xaf890000, 0xb1a10000, 0xb3890000)
   the space 34304K,  99% used [0xaf890000, 0xb19d1498, 0xb19d1600, 0xb1a10000)
No shared spaces configured.
Event: 33242.094 GC heap after
Heap after GC invocations=557 (full 10):
 def new generation   total 36160K, used 1789K [0xa7c90000, 0xaa3c0000, 0xaa5e0000)
  eden space 32192K,   0% used [0xa7c90000, 0xa7c90000, 0xa9c00000)
  from space 3968K,  45% used [0xa9c00000, 0xa9dbf508, 0xa9fe0000)
  to   space 3968K,   0% used [0xa9fe0000, 0xa9fe0000, 0xaa3c0000)
 tenured generation   total 80136K, used 56653K [0xaa5e0000, 0xaf422000, 0xaf890000)
   the space 80136K,  70% used [0xaa5e0000, 0xadd33598, 0xadd33600, 0xaf422000)
 compacting perm gen  total 34304K, used 34053K [0xaf890000, 0xb1a10000, 0xb3890000)
   the space 34304K,  99% used [0xaf890000, 0xb19d1498, 0xb19d1600, 0xb1a10000)
No shared spaces configured.
}
Event: 33242.280 GC heap before
{Heap before GC invocations=557 (full 10):
 def new generation   total 36160K, used 33981K [0xa7c90000, 0xaa3c0000, 0xaa5e0000)
  eden space 32192K, 100% used [0xa7c90000, 0xa9c00000, 0xa9c00000)
  from space 3968K,  45% used [0xa9c00000, 0xa9dbf508, 0xa9fe0000)
  to   space 3968K,   0% used [0xa9fe0000, 0xa9fe0000, 0xaa3c0000)
 tenured generation   total 80136K, used 56653K [0xaa5e0000, 0xaf422000, 0xaf890000)
   the space 80136K,  70% used [0xaa5e0000, 0xadd33598, 0xadd33600, 0xaf422000)
 compacting perm gen  total 34304K, used 34053K [0xaf890000, 0xb1a10000, 0xb3890000)
   the space 34304K,  99% used [0xaf890000, 0xb19d1498, 0xb19d1600, 0xb1a10000)
No shared spaces configured.
Event: 33242.295 GC heap after
Heap after GC invocations=558 (full 10):
 def new generation   total 36160K, used 1737K [0xa7c90000, 0xaa3c0000, 0xaa5e0000)
  eden space 32192K,   0% used [0xa7c90000, 0xa7c90000, 0xa9c00000)
  from space 3968K,  43% used [0xa9fe0000, 0xaa1924c0, 0xaa3c0000)
  to   space 3968K,   0% used [0xa9c00000, 0xa9c00000, 0xa9fe0000)
 tenured generation   total 80136K, used 56653K [0xaa5e0000, 0xaf422000, 0xaf890000)
   the space 80136K,  70% used [0xaa5e0000, 0xadd33598, 0xadd33600, 0xaf422000)
 compacting perm gen  total 34304K, used 34053K [0xaf890000, 0xb1a10000, 0xb3890000)
   the space 34304K,  99% used [0xaf890000, 0xb19d1498, 0xb19d1600, 0xb1a10000)
No shared spaces configured.
}
Event: 33281.908 GC heap before
{Heap before GC invocations=558 (full 10):
 def new generation   total 36160K, used 33929K [0xa7c90000, 0xaa3c0000, 0xaa5e0000)
  eden space 32192K, 100% used [0xa7c90000, 0xa9c00000, 0xa9c00000)
  from space 3968K,  43% used [0xa9fe0000, 0xaa1924c0, 0xaa3c0000)
  to   space 3968K,   0% used [0xa9c00000, 0xa9c00000, 0xa9fe0000)
 tenured generation   total 80136K, used 56653K [0xaa5e0000, 0xaf422000, 0xaf890000)
   the space 80136K,  70% used [0xaa5e0000, 0xadd33598, 0xadd33600, 0xaf422000)
 compacting perm gen  total 34304K, used 34053K [0xaf890000, 0xb1a10000, 0xb3890000)
   the space 34304K,  99% used [0xaf890000, 0xb19d1668, 0xb19d1800, 0xb1a10000)
No shared spaces configured.
Event: 33281.924 GC heap after
Heap after GC invocations=559 (full 10):
 def new generation   total 36160K, used 2182K [0xa7c90000, 0xaa3c0000, 0xaa5e0000)
  eden space 32192K,   0% used [0xa7c90000, 0xa7c90000, 0xa9c00000)
  from space 3968K,  55% used [0xa9c00000, 0xa9e21b30, 0xa9fe0000)
  to   space 3968K,   0% used [0xa9fe0000, 0xa9fe0000, 0xaa3c0000)
 tenured generation   total 80136K, used 56653K [0xaa5e0000, 0xaf422000, 0xaf890000)
   the space 80136K,  70% used [0xaa5e0000, 0xadd33598, 0xadd33600, 0xaf422000)
 compacting perm gen  total 34304K, used 34053K [0xaf890000, 0xb1a10000, 0xb3890000)
   the space 34304K,  99% used [0xaf890000, 0xb19d1668, 0xb19d1800, 0xb1a10000)
No shared spaces configured.
}
Event: 33290.513 GC heap before
{Heap before GC invocations=559 (full 10):
 def new generation   total 36160K, used 34374K [0xa7c90000, 0xaa3c0000, 0xaa5e0000)
  eden space 32192K, 100% used [0xa7c90000, 0xa9c00000, 0xa9c00000)
  from space 3968K,  55% used [0xa9c00000, 0xa9e21b30, 0xa9fe0000)
  to   space 3968K,   0% used [0xa9fe0000, 0xa9fe0000, 0xaa3c0000)
 tenured generation   total 80136K, used 56653K [0xaa5e0000, 0xaf422000, 0xaf890000)
   the space 80136K,  70% used [0xaa5e0000, 0xadd33598, 0xadd33600, 0xaf422000)
 compacting perm gen  total 34304K, used 34102K [0xaf890000, 0xb1a10000, 0xb3890000)
   the space 34304K,  99% used [0xaf890000, 0xb19dd858, 0xb19dda00, 0xb1a10000)
No shared spaces configured.
Event: 33290.532 GC heap after
Heap after GC invocations=560 (full 10):
 def new generation   total 36160K, used 1592K [0xa7c90000, 0xaa3c0000, 0xaa5e0000)
  eden space 32192K,   0% used [0xa7c90000, 0xa7c90000, 0xa9c00000)
  from space 3968K,  40% used [0xa9fe0000, 0xaa16e0a8, 0xaa3c0000)
  to   space 3968K,   0% used [0xa9c00000, 0xa9c00000, 0xa9fe0000)
 tenured generation   total 80136K, used 56884K [0xaa5e0000, 0xaf422000, 0xaf890000)
   the space 80136K,  70% used [0xaa5e0000, 0xadd6d378, 0xadd6d400, 0xaf422000)
 compacting perm gen  total 34304K, used 34102K [0xaf890000, 0xb1a10000, 0xb3890000)
   the space 34304K,  99% used [0xaf890000, 0xb19dd858, 0xb19dda00, 0xb1a10000)
No shared spaces configured.
}

Deoptimization events (10 events):
Event: 32106.945 Thread 0x0a3b8000 Uncommon trap -34 fr.pc 0xb3e3d414
Event: 32107.022 Thread 0x0a3b8000 Uncommon trap -20 fr.pc 0xb3d33bac
Event: 32107.100 Thread 0x0a3b8000 Uncommon trap -42 fr.pc 0xb3de2ce0
Event: 32107.100 Thread 0x0a3b8000 Uncommon trap -42 fr.pc 0xb3de2ce0
Event: 32107.100 Thread 0x0a3b8000 Uncommon trap -42 fr.pc 0xb3de2ce0
Event: 32107.100 Thread 0x0a3b8000 Uncommon trap -42 fr.pc 0xb3de2ce0
Event: 32119.172 Thread 0x0b260800 Uncommon trap -34 fr.pc 0xb3e3d414
Event: 32119.173 Thread 0x0b260800 Uncommon trap -34 fr.pc 0xb3e3d414
Event: 32119.174 Thread 0x0b260800 Uncommon trap -12 fr.pc 0xb3ac88cc
Event: 32119.174 Thread 0x0b260800 Uncommon trap -83 fr.pc 0xb3c85acc

Internal exceptions (10 events):
Event: 33291.112 Thread 0x0b25f000 Threw 0xa859b218 at /HUDSON/workspace/jdk7u10-2-build-linux-i586-product/jdk7u10/hotspot/src/share/vm/prims/jvm.cpp:1166
Event: 33291.113 Thread 0x0b25f000 Threw 0xa859b618 at /HUDSON/workspace/jdk7u10-2-build-linux-i586-product/jdk7u10/hotspot/src/share/vm/prims/jvm.cpp:1166
Event: 33291.113 Thread 0x0b25f000 Threw 0xa859cef8 at /HUDSON/workspace/jdk7u10-2-build-linux-i586-product/jdk7u10/hotspot/src/share/vm/prims/jvm.cpp:1166
Event: 33291.113 Thread 0x0b25f000 Threw 0xa859d2f8 at /HUDSON/workspace/jdk7u10-2-build-linux-i586-product/jdk7u10/hotspot/src/share/vm/prims/jvm.cpp:1166
Event: 33291.113 Thread 0x0b25f000 Threw 0xa859ea60 at /HUDSON/workspace/jdk7u10-2-build-linux-i586-product/jdk7u10/hotspot/src/share/vm/prims/jvm.cpp:1166
Event: 33291.113 Thread 0x0b25f000 Threw 0xa859ee60 at /HUDSON/workspace/jdk7u10-2-build-linux-i586-product/jdk7u10/hotspot/src/share/vm/prims/jvm.cpp:1166
Event: 33291.138 Thread 0x0b25f000 Threw 0xa861f2d8 at /HUDSON/workspace/jdk7u10-2-build-linux-i586-product/jdk7u10/hotspot/src/share/vm/prims/jvm.cpp:1166
Event: 33291.139 Thread 0x0b25f000 Threw 0xa861f6d8 at /HUDSON/workspace/jdk7u10-2-build-linux-i586-product/jdk7u10/hotspot/src/share/vm/prims/jvm.cpp:1166
Event: 33291.141 Thread 0x0b25f000 Threw 0xa862a788 at /HUDSON/workspace/jdk7u10-2-build-linux-i586-product/jdk7u10/hotspot/src/share/vm/prims/jvm.cpp:1166
Event: 33291.141 Thread 0x0b25f000 Threw 0xa862ab88 at /HUDSON/workspace/jdk7u10-2-build-linux-i586-product/jdk7u10/hotspot/src/share/vm/prims/jvm.cpp:1166

Events (10 events):
Event: 33291.089 Executing VM operation: RevokeBias
Event: 33291.089 Executing VM operation: RevokeBias done
Event: 33291.089 Executing VM operation: RevokeBias
Event: 33291.090 Executing VM operation: RevokeBias done
Event: 33291.090 Executing VM operation: RevokeBias
Event: 33291.090 Executing VM operation: RevokeBias done
Event: 33291.090 Executing VM operation: RevokeBias
Event: 33291.090 Executing VM operation: RevokeBias done
Event: 33291.090 Executing VM operation: BulkRevokeBias
Event: 33291.090 Executing VM operation: BulkRevokeBias done


Dynamic libraries:
08048000-08049000 r-xp 00000000 ca:01 753709     /usr/local/jdk1.7.0_10/bin/java
08049000-0804a000 rw-p 00000000 ca:01 753709     /usr/local/jdk1.7.0_10/bin/java
09fa3000-0b309000 rw-p 00000000 00:00 0          [heap]
a3e00000-a3ef4000 rw-p 00000000 00:00 0 
a3ef4000-a3f00000 ---p 00000000 00:00 0 
a3f00000-a3fe6000 rw-p 00000000 00:00 0 
a3fe6000-a4000000 ---p 00000000 00:00 0 
a4000000-a4200000 rw-p 00000000 00:00 0 
a4200000-a4300000 rw-p 00000000 00:00 0 
a445e000-a4461000 ---p 00000000 00:00 0 
a4461000-a44af000 rw-p 00000000 00:00 0 
a44af000-a44b2000 ---p 00000000 00:00 0 
a44b2000-a4500000 rw-p 00000000 00:00 0 
a4500000-a46fa000 rw-p 00000000 00:00 0 
a46fa000-a4700000 ---p 00000000 00:00 0 
a4700000-a4900000 rw-p 00000000 00:00 0 
a4900000-a4b00000 rw-p 00000000 00:00 0 
a4b00000-a4d00000 rw-p 00000000 00:00 0 
a4d00000-a4f00000 rw-p 00000000 00:00 0 
a4f00000-a5100000 rw-p 00000000 00:00 0 
a5100000-a5300000 rw-p 00000000 00:00 0 
a5300000-a53fd000 rw-p 00000000 00:00 0 
a53fd000-a5400000 ---p 00000000 00:00 0 
a5400000-a5500000 rw-p 00000000 00:00 0 
a5500000-a5600000 rw-p 00000000 00:00 0 
a5639000-a563c000 ---p 00000000 00:00 0 
a563c000-a568a000 rw-p 00000000 00:00 0 
a568a000-a569b000 r-xp 00000000 ca:01 2082006    /lib/i386-linux-gnu/libresolv-2.13.so
a569b000-a569c000 r--p 00010000 ca:01 2082006    /lib/i386-linux-gnu/libresolv-2.13.so
a569c000-a569d000 rw-p 00011000 ca:01 2082006    /lib/i386-linux-gnu/libresolv-2.13.so
a569d000-a569f000 rw-p 00000000 00:00 0 
a569f000-a56a3000 r-xp 00000000 ca:01 2082010    /lib/i386-linux-gnu/libnss_dns-2.13.so
a56a3000-a56a4000 r--p 00004000 ca:01 2082010    /lib/i386-linux-gnu/libnss_dns-2.13.so
a56a4000-a56a5000 rw-p 00005000 ca:01 2082010    /lib/i386-linux-gnu/libnss_dns-2.13.so
a56aa000-a56c4000 r-xp 00000000 ca:01 2080970    /lib/i386-linux-gnu/libgcc_s.so.1
a56c4000-a56c5000 r--p 00019000 ca:01 2080970    /lib/i386-linux-gnu/libgcc_s.so.1
a56c5000-a56c6000 rw-p 0001a000 ca:01 2080970    /lib/i386-linux-gnu/libgcc_s.so.1
a56c7000-a56cb000 r--s 0002d000 ca:01 770531     /usr/local/jdk1.7.0_10/jre/lib/ext/sunjce_provider.jar
a56cb000-a56fe000 r-xp 00000000 ca:01 770588     /usr/local/jdk1.7.0_10/jre/lib/i386/libsunec.so
a56fe000-a5702000 rw-p 00032000 ca:01 770588     /usr/local/jdk1.7.0_10/jre/lib/i386/libsunec.so
a5702000-a5706000 rw-p 00000000 00:00 0 
a5706000-a5707000 r--s 00003000 ca:01 770533     /usr/local/jdk1.7.0_10/jre/lib/ext/sunec.jar
a5707000-a570a000 ---p 00000000 00:00 0 
a570a000-a5758000 rw-p 00000000 00:00 0 
a5758000-a575b000 ---p 00000000 00:00 0 
a575b000-a57a9000 rw-p 00000000 00:00 0 
a57a9000-a57ac000 r--s 00000000 ca:01 884907     /data/src/fpcms/fpcms/web-home/src/main/webapp/images/qq.png
a57ac000-a57af000 r--s 00000000 ca:01 884911     /data/src/fpcms/fpcms/web-home/src/main/webapp/images/online_chat.gif
a57af000-a57b2000 ---p 00000000 00:00 0 
a57b2000-a5800000 rw-p 00000000 00:00 0 
a5800000-a58fb000 rw-p 00000000 00:00 0 
a58fb000-a5900000 ---p 00000000 00:00 0 
a5900000-a5a00000 rw-p 00000000 00:00 0 
a5a00000-a5af8000 rw-p 00000000 00:00 0 
a5af8000-a5b00000 ---p 00000000 00:00 0 
a5b00000-a5bfe000 rw-p 00000000 00:00 0 
a5bfe000-a5c00000 ---p 00000000 00:00 0 
a5c00000-a5c02000 r--s 00019000 ca:01 753757     /usr/local/jdk1.7.0_10/jre/lib/jce.jar
a5c02000-a5c05000 r--s 00000000 ca:01 884912     /data/src/fpcms/fpcms/web-home/src/main/webapp/images/kefu.jpg
a5c05000-a5c0d000 r--s 00000000 ca:01 884909     /data/src/fpcms/fpcms/web-home/src/main/webapp/images/banner_03.jpg
a5c0d000-a5c10000 ---p 00000000 00:00 0 
a5c10000-a5c5e000 rw-p 00000000 00:00 0 
a5c5e000-a5c61000 ---p 00000000 00:00 0 
a5c61000-a5caf000 rw-p 00000000 00:00 0 
a5caf000-a5cb2000 ---p 00000000 00:00 0 
a5cb2000-a5d00000 rw-p 00000000 00:00 0 
a5d00000-a5df9000 rw-p 00000000 00:00 0 
a5df9000-a5e00000 ---p 00000000 00:00 0 
a5e00000-a5ef8000 rw-p 00000000 00:00 0 
a5ef8000-a5f00000 ---p 00000000 00:00 0 
a5f00000-a5ff3000 rw-p 00000000 00:00 0 
a5ff3000-a6000000 ---p 00000000 00:00 0 
a6000000-a6001000 r--s 00000000 ca:01 870246     /data/src/fpcms/fpcms/web-home/src/main/webapp/favicon.ico
a6001000-a6002000 r--s 00000000 ca:01 884900     /data/src/fpcms/fpcms/web-home/src/main/webapp/images/faipiao/1335531542.jpg
a6002000-a6003000 r--s 00000000 ca:01 884896     /data/src/fpcms/fpcms/web-home/src/main/webapp/images/faipiao/1335531865.jpg
a6003000-a6004000 r--s 00000000 ca:01 884899     /data/src/fpcms/fpcms/web-home/src/main/webapp/images/faipiao/1335531700.jpg
a6004000-a6006000 r--s 00000000 ca:01 870046     /data/src/fpcms/fpcms/web-home/src/main/webapp/styles/images/kaipiao/kaipiao.gif
a6006000-a6009000 r--s 00000000 ca:01 884913     /data/src/fpcms/fpcms/web-home/src/main/webapp/images/logo_left.jpg
a6009000-a600a000 r--s 00000000 ca:01 884895     /data/src/fpcms/fpcms/web-home/src/main/webapp/images/faipiao/1335531855.jpg
a600a000-a600b000 r--s 00000000 ca:01 870244     /data/src/fpcms/fpcms/web-home/src/main/webapp/robots.txt
a600b000-a600c000 r--s 00000000 ca:01 885511     /data/src/fpcms/fpcms/web-home/src/main/webapp/js/jquery.cookie.js
a600c000-a600d000 r--s 00000000 ca:01 885512     /data/src/fpcms/fpcms/web-home/src/main/webapp/js/topad.js
a600d000-a6010000 ---p 00000000 00:00 0 
a6010000-a605e000 rw-p 00000000 00:00 0 
a605e000-a6061000 ---p 00000000 00:00 0 
a6061000-a60af000 rw-p 00000000 00:00 0 
a60af000-a60b2000 ---p 00000000 00:00 0 
a60b2000-a6100000 rw-p 00000000 00:00 0 
a6100000-a61fb000 rw-p 00000000 00:00 0 
a61fb000-a6200000 ---p 00000000 00:00 0 
a6200000-a6205000 r--s 00000000 ca:01 870302     /data/src/fpcms/fpcms/web-home/src/main/webapp/styles/kaipiao.css
a6205000-a6208000 ---p 00000000 00:00 0 
a6208000-a6256000 rw-p 00000000 00:00 0 
a6256000-a6260000 r--s 00371000 ca:01 753749     /usr/local/jdk1.7.0_10/jre/lib/charsets.jar
a6260000-a6267000 r-xp 00000000 ca:01 770572     /usr/local/jdk1.7.0_10/jre/lib/i386/libmanagement.so
a6267000-a6268000 rw-p 00006000 ca:01 770572     /usr/local/jdk1.7.0_10/jre/lib/i386/libmanagement.so
a6268000-a6269000 r--s 00000000 ca:01 885513     /data/src/fpcms/fpcms/web-home/src/main/webapp/js/tmpl.js
a6269000-a626c000 r--s 000f7000 ca:01 770532     /usr/local/jdk1.7.0_10/jre/lib/ext/localedata.jar
a626c000-a6276000 r--s 00371000 ca:01 753749     /usr/local/jdk1.7.0_10/jre/lib/charsets.jar
a6276000-a6279000 ---p 00000000 00:00 0 
a6279000-a62c7000 rw-p 00000000 00:00 0 
a62c7000-a62ca000 ---p 00000000 00:00 0 
a62ca000-a6318000 rw-p 00000000 00:00 0 
a6318000-a6321000 r--s 00058000 ca:01 2212253    /root/.m2/repository/taglibs/standard/1.1.2/standard-1.1.2.jar
a6321000-a632b000 r--s 0005c000 ca:01 2212252    /root/.m2/repository/javax/servlet/jstl/1.2/jstl-1.2.jar
a632b000-a6339000 r--s 0007f000 ca:01 2196383    /root/.m2/repository/commons-collections/commons-collections/3.2.1/commons-collections-3.2.1.jar
a6339000-a633b000 r--s 00005000 ca:01 2196412    /root/.m2/repository/org/slf4j/slf4j-api/1.6.1/slf4j-api-1.6.1.jar
a633b000-a633c000 r--s 00004000 ca:01 2196461    /root/.m2/repository/org/codehaus/jackson/jackson-jaxrs/1.9.2/jackson-jaxrs-1.9.2.jar
a633c000-a634a000 r--s 000ad000 ca:01 2196458    /root/.m2/repository/org/codehaus/jackson/jackson-mapper-asl/1.9.2/jackson-mapper-asl-1.9.2.jar
a634a000-a634e000 r--s 00034000 ca:01 2196456    /root/.m2/repository/org/codehaus/jackson/jackson-core-asl/1.9.2/jackson-core-asl-1.9.2.jar
a634e000-a6350000 r--s 0000d000 ca:01 2196386    /root/.m2/repository/commons-codec/commons-codec/1.4/commons-codec-1.4.jar
a6350000-a6352000 r--s 0000d000 ca:01 2196390    /root/.m2/repository/commons-logging/commons-logging/1.1.1/commons-logging-1.1.1.jar
a6352000-a6358000 r--s 00045000 ca:01 2196401    /root/.m2/repository/commons-httpclient/commons-httpclient/3.1/commons-httpclient-3.1.jar
a6358000-a635b000 r--s 00025000 ca:01 2196387    /root/.m2/repository/commons-io/commons-io/2.1/commons-io-2.1.jar
a635b000-a6360000 r--s 00041000 ca:01 2196391    /root/.m2/repository/commons-lang/commons-lang/2.6/commons-lang-2.6.jar
a6360000-a636a000 r--s 00057000 ca:01 2196366    /root/.m2/repository/org/springframework/spring-web/3.0.5.RELEASE/spring-web-3.0.5.RELEASE.jar
a636a000-a636e000 r--s 00026000 ca:01 2196355    /root/.m2/repository/org/springframework/spring-expression/3.0.5.RELEASE/spring-expression-3.0.5.RELEASE.jar
a636e000-a6377000 r--s 00055000 ca:01 2196344    /root/.m2/repository/org/springframework/spring-core/3.0.5.RELEASE/spring-core-3.0.5.RELEASE.jar
a6377000-a637a000 r--s 00016000 ca:01 2196352    /root/.m2/repository/org/springframework/spring-context-support/3.0.5.RELEASE/spring-context-support-3.0.5.RELEASE.jar
a637a000-a638c000 r--s 00092000 ca:01 2196346    /root/.m2/repository/org/springframework/spring-context/3.0.5.RELEASE/spring-context-3.0.5.RELEASE.jar
a638c000-a6398000 r--s 0007c000 ca:01 2196345    /root/.m2/repository/org/springframework/spring-beans/3.0.5.RELEASE/spring-beans-3.0.5.RELEASE.jar
a6398000-a6399000 r--s 0000c000 ca:01 2196349    /root/.m2/repository/org/springframework/spring-asm/3.0.5.RELEASE/spring-asm-3.0.5.RELEASE.jar
a6399000-a63a2000 r--s 0005e000 ca:01 2196372    /root/.m2/repository/org/springframework/spring-webmvc/3.0.5.RELEASE/spring-webmvc-3.0.5.RELEASE.jar
a63a2000-a63a4000 r--s 0000a000 ca:01 2196651    /root/.m2/repository/com/duowan/common/duowan-common-rpc/1.0.9/duowan-common-rpc-1.0.9.jar
a63a4000-a63a5000 r--s 00001000 ca:01 2212461    /root/.m2/repository/com/fpcms/fpcms-scheduler/1.0-SNAPSHOT/fpcms-scheduler-1.0-SNAPSHOT.jar
a63a5000-a63b0000 r--s 0008a000 ca:01 2212226    /root/.m2/repository/c3p0/c3p0/0.9.1/c3p0-0.9.1.jar
a63b0000-a63b3000 r--s 0001b000 ca:01 2196506    /root/.m2/repository/org/apache/shiro/shiro-web/1.1.0/shiro-web-1.1.0.jar
a63b3000-a63b5000 r--s 00005000 ca:01 2196508    /root/.m2/repository/org/apache/shiro/shiro-spring/1.1.0/shiro-spring-1.1.0.jar
a63b5000-a63bd000 r--s 00046000 ca:01 2196504    /root/.m2/repository/org/apache/shiro/shiro-core/1.1.0/shiro-core-1.1.0.jar
a63bd000-a63c4000 r--s 000ba000 ca:01 2196500    /root/.m2/repository/mysql/mysql-connector-java/5.1.18/mysql-connector-java-5.1.18.jar
a63c4000-a63cb000 r--s 00040000 ca:01 2196454    /root/.m2/repository/org/hibernate/hibernate-validator/4.1.0.Final/hibernate-validator-4.1.0.Final.jar
a63cb000-a63ce000 r--s 00009000 ca:01 2196452    /root/.m2/repository/javax/validation/validation-api/1.0.0.GA/validation-api-1.0.0.GA.jar
a63ce000-a63d0000 r--s 0000e000 ca:01 2196450    /root/.m2/repository/oro/oro/2.0.8/oro-2.0.8.jar
a63d0000-a63d8000 r--s 0005f000 ca:01 2196447    /root/.m2/repository/org/apache/velocity/velocity/1.6.3/velocity-1.6.3.jar
a63d8000-a63e8000 r--s 000c8000 ca:01 2196448    /root/.m2/repository/org/freemarker/freemarker/2.3.16/freemarker-2.3.16.jar
a63e8000-a6400000 r--s 00115000 ca:01 2196442    /root/.m2/repository/xerces/xercesImpl/2.9.1/xercesImpl-2.9.1.jar
a6400000-a6425000 r--s 002dc000 ca:01 2196443    /root/.m2/repository/xalan/xalan/2.6.0/xalan-2.6.0.jar
a6425000-a642b000 r--s 00019000 ca:01 2196438    /root/.m2/repository/xerces/xmlParserAPIs/2.6.2/xmlParserAPIs-2.6.2.jar
a642b000-a642e000 r--s 00018000 ca:01 2196444    /root/.m2/repository/xom/xom/1.0/xom-1.0.jar
a642e000-a6431000 r--s 00023000 ca:01 2196434    /root/.m2/repository/jdom/jdom/1.0/jdom-1.0.jar
a6431000-a6437000 r--s 00032000 ca:01 2196433    /root/.m2/repository/jaxen/jaxen/1.1.1/jaxen-1.1.1.jar
a6437000-a643c000 r--s 00016000 ca:01 2196430    /root/.m2/repository/xml-apis/xml-apis/1.0.b2/xml-apis-1.0.b2.jar
a643c000-a6441000 r--s 00048000 ca:01 2196426    /root/.m2/repository/dom4j/dom4j/1.6.1/dom4j-1.6.1.jar
a6441000-a6443000 r--s 00004000 ca:01 2196424    /root/.m2/repository/javax/xml/stream/stax-api/1.0-2/stax-api-1.0-2.jar
a6443000-a6446000 r--s 00017000 ca:01 2196428    /root/.m2/repository/javax/xml/bind/jaxb-api/2.2.1/jaxb-api-2.2.1.jar
a6446000-a6459000 r--s 000c4000 ca:01 2196427    /root/.m2/repository/com/sun/xml/bind/jaxb-impl/2.2.1/jaxb-impl-2.2.1.jar
a6459000-a645b000 r--s 0000f000 ca:01 2196420    /root/.m2/repository/javax/activation/activation/1.1.1/activation-1.1.1.jar
a645b000-a6462000 r--s 0006a000 ca:01 2196418    /root/.m2/repository/javax/mail/mail/1.4.3/mail-1.4.3.jar
a6462000-a6464000 r--s 00010000 ca:01 2196742    /root/.m2/repository/net/sf/log4jdbc/log4jdbc4/1.2.1/log4jdbc4-1.2.1.jar
a6464000-a646d000 r--s 0006d000 ca:01 2196419    /root/.m2/repository/log4j/log4j/1.2.16/log4j-1.2.16.jar
a646d000-a646e000 r--s 00002000 ca:01 2196415    /root/.m2/repository/org/slf4j/slf4j-log4j12/1.6.1/slf4j-log4j12-1.6.1.jar
a646e000-a6486000 r--s 00100000 ca:01 2196403    /root/.m2/repository/com/google/guava/guava/r09/guava-r09.jar
a6486000-a6489000 r--s 00022000 ca:01 2196399    /root/.m2/repository/commons-dbcp/commons-dbcp/1.3/commons-dbcp-1.3.jar
a6489000-a648c000 r--s 00015000 ca:01 2196398    /root/.m2/repository/commons-pool/commons-pool/1.5.4/commons-pool-1.5.4.jar
a648c000-a6490000 r--s 00021000 ca:01 2196405    /root/.m2/repository/commons-digester/commons-digester/2.0/commons-digester-2.0.jar
a6490000-a6494000 r--s 0002f000 ca:01 2196394    /root/.m2/repository/commons-beanutils/commons-beanutils-core/1.8.0/commons-beanutils-core-1.8.0.jar
a6494000-a649a000 r--s 00043000 ca:01 2196392    /root/.m2/repository/commons-configuration/commons-configuration/1.6/commons-configuration-1.6.jar
a649a000-a649f000 r--s 00034000 ca:01 2196380    /root/.m2/repository/commons-beanutils/commons-beanutils/1.8.3/commons-beanutils-1.8.3.jar
a649f000-a64a5000 r--s 00049000 ca:01 2196378    /root/.m2/repository/cglib/cglib-nodep/2.2/cglib-nodep-2.2.jar
a64a5000-a64bb000 r--s 00178000 ca:01 2196377    /root/.m2/repository/org/aspectj/aspectjweaver/1.6.8/aspectjweaver-1.6.8.jar
a64bb000-a64bd000 r--s 00000000 ca:01 2196374    /root/.m2/repository/aopalliance/aopalliance/1.0/aopalliance-1.0.jar
a64bd000-a64bf000 r--s 0000d000 ca:01 2196364    /root/.m2/repository/org/springframework/spring-oxm/3.0.5.RELEASE/spring-oxm-3.0.5.RELEASE.jar
a64bf000-a64c7000 r--s 0004a000 ca:01 2196370    /root/.m2/repository/org/springframework/spring-orm/3.0.5.RELEASE/spring-orm-3.0.5.RELEASE.jar
a64c7000-a64cc000 r--s 00029000 ca:01 2196369    /root/.m2/repository/org/springframework/spring-jms/3.0.5.RELEASE/spring-jms-3.0.5.RELEASE.jar
a64cc000-a64d3000 r--s 00032000 ca:01 2196360    /root/.m2/repository/org/springframework/spring-tx/3.0.5.RELEASE/spring-tx-3.0.5.RELEASE.jar
a64d3000-a64dd000 r--s 00055000 ca:01 2196357    /root/.m2/repository/org/springframework/spring-jdbc/3.0.5.RELEASE/spring-jdbc-3.0.5.RELEASE.jar
a64dd000-a64de000 r--s 00000000 ca:01 2196359    /root/.m2/repository/org/springframework/spring-instrument/3.0.5.RELEASE/spring-instrument-3.0.5.RELEASE.jar
a64de000-a64e0000 r--s 00007000 ca:01 2196351    /root/.m2/repository/org/springframework/spring-aspects/3.0.5.RELEASE/spring-aspects-3.0.5.RELEASE.jar
a64e0000-a64e9000 r--s 00046000 ca:01 2196347    /root/.m2/repository/org/springframework/spring-aop/3.0.5.RELEASE/spring-aop-3.0.5.RELEASE.jar
a64e9000-a64ec000 r--s 00014000 ca:01 2196928    /root/.m2/repository/de/l3s/boilerpipe/boilerpipe/1.1.0/boilerpipe-1.1.0.jar
a64ec000-a64ef000 r--s 00014000 ca:01 2196923    /root/.m2/repository/com/drewnoakes/metadata-extractor/2.4.0-beta-1/metadata-extractor-2.4.0-beta-1.jar
a64ef000-a64f0000 r--s 0000a000 ca:01 2196920    /root/.m2/repository/asm/asm/3.1/asm-3.1.jar
a64f0000-a64f2000 r--s 00015000 ca:01 2196919    /root/.m2/repository/org/ccil/cowan/tagsoup/tagsoup/1.2.1/tagsoup-1.2.1.jar
a64f2000-a64f4000 r--s 00006000 ca:01 2212654    /root/.m2/repository/org/apache/geronimo/specs/geronimo-stax-api_1.0_spec/1.0.1/geronimo-stax-api_1.0_spec-1.0.1.jar
a64f4000-a64f9000 r--s 00032000 ca:01 2196918    /root/.m2/repository/org/apache/commons/commons-compress/1.3/commons-compress-1.3.jar
a64f9000-a6500000 r--s 00043000 ca:01 2196913    /root/.m2/repository/org/apache/james/apache-mime4j-dom/0.7/apache-mime4j-dom-0.7.jar
a6500000-a65fb000 rw-p 00000000 00:00 0 
a65fb000-a6600000 ---p 00000000 00:00 0 
a6600000-a66fc000 rw-p 00000000 00:00 0 
a66fc000-a6700000 ---p 00000000 00:00 0 
a6700000-a67ef000 rw-p 00000000 00:00 0 
a67ef000-a6800000 ---p 00000000 00:00 0 
a6800000-a6803000 r--s 00015000 ca:01 2196911    /root/.m2/repository/org/apache/james/apache-mime4j-core/0.7/apache-mime4j-core-0.7.jar
a6803000-a680a000 r--s 00062000 ca:01 2196916    /root/.m2/repository/org/apache/tika/tika-core/1.0/tika-core-1.0.jar
a680a000-a6812000 r--s 00060000 ca:01 2196906    /root/.m2/repository/org/apache/tika/tika-parsers/1.0/tika-parsers-1.0.jar
a6812000-a682e000 r--s 001ed000 ca:01 2196908    /root/.m2/repository/com/sleepycat/je/4.0.92/je-4.0.92.jar
a682e000-a6833000 r--s 00028000 ca:01 2196905    /root/.m2/repository/org/apache/httpcomponents/httpcore/4.1.4/httpcore-4.1.4.jar
a6833000-a683b000 r--s 0004e000 ca:01 2196904    /root/.m2/repository/org/apache/httpcomponents/httpclient/4.1.2/httpclient-4.1.2.jar
a683b000-a683e000 r--s 00016000 ca:01 2196907    /root/.m2/repository/edu/uci/ics/crawler4j/3.4/crawler4j-3.4.jar
a683e000-a6840000 r--s 0011b000 ca:01 2196764    /root/.m2/repository/com/google/IKAnalyzer/IKAnalyzer/2012_u6/IKAnalyzer-2012_u6.jar
a6840000-a6844000 r--s 0002b000 ca:01 2196756    /root/.m2/repository/net/sf/pinyin4j/pinyin4j/2.5.0/pinyin4j-2.5.0.jar
a6844000-a6846000 r--s 00006000 ca:01 2196690    /root/.m2/repository/com/duowan/common/duowan-common-mvc/1.1.2/duowan-common-mvc-1.1.2.jar
a6846000-a6847000 r--s 00004000 ca:01 2196715    /root/.m2/repository/com/duowan/common/duowan-common-test/1.0/duowan-common-test-1.0.jar
a6847000-a6848000 r--s 00007000 ca:01 2196673    /root/.m2/repository/com/duowan/common/duowan-common-jdbc/1.0.2/duowan-common-jdbc-1.0.2.jar
a6848000-a6849000 r--s 00008000 ca:01 2196725    /root/.m2/repository/com/duowan/common/duowan-common-web/1.0.2/duowan-common-web-1.0.2.jar
a6849000-a684c000 r--s 00017000 ca:01 2196704    /root/.m2/repository/com/duowan/common/duowan-common-util/1.0.9/duowan-common-util-1.0.9.jar
a684c000-a684f000 r--s 003c0000 ca:01 2212437    /root/.m2/repository/com/fpcms/fpcms-util/1.0-SNAPSHOT/fpcms-util-1.0-SNAPSHOT.jar
a684f000-a6852000 r--s 0000d000 ca:01 2212445    /root/.m2/repository/com/fpcms/fpcms-dao/1.0-SNAPSHOT/fpcms-dao-1.0-SNAPSHOT.jar
a6852000-a6854000 r--s 00006000 ca:01 2212453    /root/.m2/repository/com/fpcms/fpcms-service/1.0-SNAPSHOT/fpcms-service-1.0-SNAPSHOT.jar
a6854000-a6857000 ---p 00000000 00:00 0 
a6857000-a68a5000 rw-p 00000000 00:00 0 
a68a5000-a68a8000 ---p 00000000 00:00 0 
a68a8000-a68f6000 rw-p 00000000 00:00 0 
a68f6000-a6900000 r--s 00254000 ca:01 753726     /usr/local/jdk1.7.0_10/jre/lib/resources.jar
a6900000-a69f9000 rw-p 00000000 00:00 0 
a69f9000-a6a00000 ---p 00000000 00:00 0 
a6a00000-a6b00000 rw-p 00000000 00:00 0 
a6b00000-a6b02000 r--s 00003000 ca:01 2212642    /root/.m2/repository/org/mortbay/jetty/start/6.1.24/start-6.1.24.jar
a6b02000-a6b03000 r--s 00002000 ca:01 2212636    /root/.m2/repository/org/apache/geronimo/specs/geronimo-annotation_1.0_spec/1.0/geronimo-annotation_1.0_spec-1.0.jar
a6b03000-a6b05000 r--s 00002000 ca:01 2212639    /root/.m2/repository/org/mortbay/jetty/jetty-annotations/6.1.24/jetty-annotations-6.1.24.jar
a6b05000-a6b14000 r--s 000ee000 ca:01 2196478    /root/.m2/repository/ant/ant/1.6.5/ant-1.6.5.jar
a6b14000-a6b22000 r--s 0018b000 ca:01 2196474    /root/.m2/repository/org/eclipse/jdt/core/compiler/ecj/3.5.1/ecj-3.5.1.jar
a6b22000-a6b33000 r--s 000ea000 ca:01 2196476    /root/.m2/repository/org/mortbay/jetty/jsp-2.1-glassfish/2.1.v20091210/jsp-2.1-glassfish-2.1.v20091210.jar
a6b33000-a6b37000 r--s 0001e000 ca:01 2196477    /root/.m2/repository/org/mortbay/jetty/jsp-api-2.1-glassfish/2.1.v20091210/jsp-api-2.1-glassfish-2.1.v20091210.jar
a6b37000-a6b5a000 r--s 00344000 ca:01 2196472    /root/.m2/repository/org/eclipse/jdt/core/3.1.1/core-3.1.1.jar
a6b5a000-a6b5c000 r--s 00000000 ca:01 2196471    /root/.m2/repository/org/mortbay/jetty/jsp-2.1-jetty/6.1.24/jsp-2.1-jetty-6.1.24.jar
a6b5c000-a6b5e000 r--s 00007000 ca:01 2212634    /root/.m2/repository/org/mortbay/jetty/jetty-management/6.1.24/jetty-management-6.1.24.jar
a6b5e000-a6b60000 r--s 0000e000 ca:01 2212632    /root/.m2/repository/javax/activation/activation/1.1/activation-1.1.jar
a6b60000-a6b66000 r--s 00059000 ca:01 2212628    /root/.m2/repository/javax/mail/mail/1.4/mail-1.4.jar
a6b66000-a6b67000 r--s 00006000 ca:01 2212630    /root/.m2/repository/org/mortbay/jetty/jetty-naming/6.1.24/jetty-naming-6.1.24.jar
a6b67000-a6b69000 r--s 00002000 ca:01 2212624    /root/.m2/repository/geronimo-spec/geronimo-spec-jta/1.0.1B-rc4/geronimo-spec-jta-1.0.1B-rc4.jar
a6b69000-a6b6b000 r--s 0000d000 ca:01 2212631    /root/.m2/repository/org/mortbay/jetty/jetty-plus/6.1.24/jetty-plus-6.1.24.jar
a6b6b000-a6b6d000 r--s 00004000 ca:01 2212623    /root/.m2/repository/org/apache/maven/maven-plugin-tools-api/2.0/maven-plugin-tools-api-2.0.jar
a6b6d000-a6b70000 r--s 0001b000 ca:01 2212622    /root/.m2/repository/junit/junit/3.8.2/junit-3.8.2.jar
a6b70000-a6b73000 r--s 00027000 ca:01 2212621    /root/.m2/repository/org/codehaus/plexus/plexus-utils/1.1/plexus-utils-1.1.jar
a6b73000-a6b75000 r--s 0001f000 ca:01 2196466    /root/.m2/repository/org/mortbay/jetty/servlet-api/2.5-20081211/servlet-api-2.5-20081211.jar
a6b75000-a6b79000 r--s 00028000 ca:01 2196463    /root/.m2/repository/org/mortbay/jetty/jetty-util/6.1.24/jetty-util-6.1.24.jar
a6b79000-a6b80000 r--s 0007d000 ca:01 2196464    /root/.m2/repository/org/mortbay/jetty/jetty/6.1.24/jetty-6.1.24.jar
a6b80000-a6b82000 r--s 0000a000 ca:01 2212407    /root/.m2/repository/org/mortbay/jetty/maven-jetty-plugin/6.1.24/maven-jetty-plugin-6.1.24.jar
a6b90000-a6b91000 rw-p 00000000 00:00 0 
a6b91000-a6b92000 r--s 00000000 ca:01 870047     /data/src/fpcms/fpcms/web-home/src/main/webapp/styles/images/icon_flash_success.gif
a6b92000-a6b94000 r--s 00000000 ca:01 885290     /data/src/fpcms/fpcms/web-home/src/main/webapp/js/My97DatePicker/skin/default/datepicker.css
a6b94000-a6b95000 r--s 00000000 ca:01 885257     /data/src/fpcms/fpcms/web-home/src/main/webapp/js/My97DatePicker/lang/zh-cn.js
a6b95000-a6b96000 r--s 00000000 ca:01 885314     /data/src/fpcms/fpcms/web-home/src/main/webapp/js/My97DatePicker/config.js
a6b96000-a6b9c000 r--s 00000000 ca:01 885315     /data/src/fpcms/fpcms/web-home/src/main/webapp/js/My97DatePicker/calendar.js
a6b9c000-a6b9d000 r--s 00000000 ca:01 885312     /data/src/fpcms/fpcms/web-home/src/main/webapp/js/My97DatePicker/skin/WdatePicker.css
a6b9d000-a6ba1000 r--s 00000000 ca:01 885380     /data/src/fpcms/fpcms/web-home/src/main/webapp/js/kindeditor/plugins/code/prettify.js
a6ba1000-a6ba4000 r--s 00000000 ca:01 885352     /data/src/fpcms/fpcms/web-home/src/main/webapp/js/kindeditor/lang/zh_CN.js
a6ba4000-a6bcb000 r--s 00000000 ca:01 885506     /data/src/fpcms/fpcms/web-home/src/main/webapp/js/kindeditor/kindeditor.js
a6bcb000-a6bcc000 r--s 00000000 ca:01 885382     /data/src/fpcms/fpcms/web-home/src/main/webapp/js/kindeditor/plugins/code/prettify.css
a6bcc000-a6bd2000 r--s 00000000 ca:01 885458     /data/src/fpcms/fpcms/web-home/src/main/webapp/js/kindeditor/themes/default/default.css
a6bd2000-a6bd4000 r--s 00000000 ca:01 885317     /data/src/fpcms/fpcms/web-home/src/main/webapp/js/My97DatePicker/WdatePicker.js
a6bd4000-a6beb000 r--s 00000000 ca:01 885515     /data/src/fpcms/fpcms/web-home/src/main/webapp/js/jquery.js
a6beb000-a6bec000 r--s 00000000 ca:01 870115     /data/src/fpcms/fpcms/web-home/src/main/webapp/styles/global.css
a6bec000-a6bed000 r--s 00002000 ca:01 2212033    /root/.m2/repository/org/codehaus/plexus/plexus-compiler-javac/1.8/plexus-compiler-javac-1.8.jar
a6bed000-a6bef000 r--s 00000000 ca:01 2212035    /root/.m2/repository/org/codehaus/plexus/plexus-compiler-manager/1.8/plexus-compiler-manager-1.8.jar
a6bef000-a6bf0000 r--s 00004000 ca:01 2212034    /root/.m2/repository/org/codehaus/plexus/plexus-compiler-api/1.8/plexus-compiler-api-1.8.jar
a6bf0000-a6bf4000 r--s 00030000 ca:01 2196746    /root/.m2/repository/org/codehaus/plexus/plexus-utils/1.5.1/plexus-utils-1.5.1.jar
a6bf4000-a6bf6000 r--s 00006000 ca:01 2195706    /root/.m2/repository/org/apache/maven/plugins/maven-compiler-plugin/2.3/maven-compiler-plugin-2.3.jar
a6bf6000-a6bf8000 r--s 0000d000 ca:01 2195670    /root/.m2/repository/org/codehaus/plexus/plexus-interpolation/1.13/plexus-interpolation-1.13.jar
a6bf8000-a6bf9000 r--s 00001000 ca:01 2211980    /root/.m2/repository/org/sonatype/plexus/plexus-build-api/0.0.4/plexus-build-api-0.0.4.jar
a6bf9000-a6bfb000 r--s 00007000 ca:01 2211985    /root/.m2/repository/org/apache/maven/shared/maven-filtering/1.0-beta-4/maven-filtering-1.0-beta-4.jar
a6bfb000-a6bff000 r--s 00033000 ca:01 2195676    /root/.m2/repository/org/codehaus/plexus/plexus-utils/2.0.5/plexus-utils-2.0.5.jar
a6bff000-a6c00000 r--s 00005000 ca:01 2195687    /root/.m2/repository/org/apache/maven/plugins/maven-resources-plugin/2.4.3/maven-resources-plugin-2.4.3.jar
a6c00000-a6cfa000 rw-p 00000000 00:00 0 
a6cfa000-a6d00000 ---p 00000000 00:00 0 
a6d00000-a6dfe000 rw-p 00000000 00:00 0 
a6dfe000-a6e00000 ---p 00000000 00:00 0 
a6e00000-a6ed0000 rw-p 00000000 00:00 0 
a6ed0000-a6f00000 ---p 00000000 00:00 0 
a6f00000-a6f01000 r--s 00000000 ca:01 885517     /data/src/fpcms/fpcms/web-home/src/main/webapp/js/application.js
a6f01000-a6f04000 r--s 0001b000 ca:01 2195680    /root/.m2/repository/junit/junit/3.8.1/junit-3.8.1.jar
a6f04000-a6f06000 r--s 00002000 ca:01 2211981    /root/.m2/repository/org/codehaus/plexus/plexus-interactivity-api/1.0-alpha-4/plexus-interactivity-api-1.0-alpha-4.jar
a6f06000-a6f08000 r--s 00006000 ca:01 2211978    /root/.m2/repository/commons-cli/commons-cli/1.0/commons-cli-1.0.jar
a6f08000-a6f09000 r--s 00001000 ca:01 2211976    /root/.m2/repository/org/apache/maven/doxia/doxia-sink-api/1.0-alpha-7/doxia-sink-api-1.0-alpha-7.jar
a6f09000-a6f0c000 ---p 00000000 00:00 0 
a6f0c000-a6f1a000 rw-p 00000000 00:00 0 
a6f1a000-a6f1b000 r--p 00000000 00:00 0 
a6f1b000-a6f1f000 r--s 00089000 ca:01 753734     /usr/local/jdk1.7.0_10/jre/lib/jsse.jar
a6f1f000-a6f21000 r--s 0000c000 ca:01 787452     /usr/local/apache-maven-3.0.4/lib/maven-aether-provider-3.0.4.jar
a6f21000-a6f22000 r--s 00006000 ca:01 787442     /usr/local/apache-maven-3.0.4/lib/plexus-sec-dispatcher-1.3.jar
a6f22000-a6f29000 r--s 00040000 ca:01 787448     /usr/local/apache-maven-3.0.4/lib/sisu-inject-bean-2.3.0.jar
a6f29000-a6f31000 r--s 00050000 ca:01 787449     /usr/local/apache-maven-3.0.4/lib/sisu-guice-3.1.0-no_aop.jar
a6f31000-a7400000 rw-p 00000000 00:00 0 
a7400000-a7414000 r-xp 00000000 ca:01 770577     /usr/local/jdk1.7.0_10/jre/lib/i386/libnet.so
a7414000-a7415000 rw-p 00014000 ca:01 770577     /usr/local/jdk1.7.0_10/jre/lib/i386/libnet.so
a7415000-a7423000 r-xp 00000000 ca:01 770586     /usr/local/jdk1.7.0_10/jre/lib/i386/libnio.so
a7423000-a7424000 rw-p 0000e000 ca:01 770586     /usr/local/jdk1.7.0_10/jre/lib/i386/libnio.so
a7424000-a7425000 r--s 0000a000 ca:01 787434     /usr/local/apache-maven-3.0.4/lib/maven-embedder-3.0.4.jar
a7425000-a742b000 r--s 0002c000 ca:01 787447     /usr/local/apache-maven-3.0.4/lib/sisu-inject-plexus-2.3.0.jar
a742b000-a7431000 r--s 0003f000 ca:01 787457     /usr/local/apache-maven-3.0.4/lib/maven-compat-3.0.4.jar
a7431000-a7433000 r--s 00006000 ca:01 787444     /usr/local/apache-maven-3.0.4/lib/maven-repository-metadata-3.0.4.jar
a7433000-a7435000 r--s 00002000 ca:01 787443     /usr/local/apache-maven-3.0.4/lib/plexus-cipher-1.7.jar
a7435000-a7439000 r--s 00033000 ca:01 787436     /usr/local/apache-maven-3.0.4/lib/plexus-utils-2.0.6.jar
a7439000-a743b000 r--s 0000b000 ca:01 787445     /usr/local/apache-maven-3.0.4/lib/maven-artifact-3.0.4.jar
a743b000-a743e000 r--s 0001d000 ca:01 787456     /usr/local/apache-maven-3.0.4/lib/aether-impl-1.13.1.jar
a743e000-a7442000 r--s 00021000 ca:01 787451     /usr/local/apache-maven-3.0.4/lib/maven-model-builder-3.0.4.jar
a7442000-a7461000 r--s 00152000 ca:01 787450     /usr/local/apache-maven-3.0.4/lib/sisu-guava-0.9.9.jar
a7461000-a7463000 r--s 0000a000 ca:01 787435     /usr/local/apache-maven-3.0.4/lib/maven-settings-3.0.4.jar
a7463000-a7476000 r--s 000af000 ca:01 787460     /usr/local/apache-maven-3.0.4/lib/wagon-http-2.2-shaded.jar
a7476000-a7478000 r--s 0000b000 ca:01 787446     /usr/local/apache-maven-3.0.4/lib/maven-plugin-api-3.0.4.jar
a7478000-a747a000 r--s 00000000 ca:01 787441     /usr/local/apache-maven-3.0.4/lib/plexus-component-annotations-1.5.5.jar
a747a000-a747c000 r--s 00006000 ca:01 787462     /usr/local/apache-maven-3.0.4/lib/aether-connector-wagon-1.13.1.jar
a747c000-a747d000 r--s 00002000 ca:01 787461     /usr/local/apache-maven-3.0.4/lib/wagon-file-2.2.jar
a747d000-a747f000 r--s 00009000 ca:01 787459     /usr/local/apache-maven-3.0.4/lib/commons-cli-1.2.jar
a747f000-a7482000 r--s 00008000 ca:01 787439     /usr/local/apache-maven-3.0.4/lib/maven-settings-builder-3.0.4.jar
a7482000-a7484000 r--s 0000d000 ca:01 787440     /usr/local/apache-maven-3.0.4/lib/plexus-interpolation-1.14.jar
a7484000-a7486000 r--s 00026000 ca:01 787438     /usr/local/apache-maven-3.0.4/lib/maven-model-3.0.4.jar
a7486000-a7492000 r--s 0007d000 ca:01 787437     /usr/local/apache-maven-3.0.4/lib/maven-core-3.0.4.jar
a7492000-a7495000 r--s 00013000 ca:01 787453     /usr/local/apache-maven-3.0.4/lib/aether-api-1.13.1.jar
a7495000-a7497000 r--s 0000b000 ca:01 787458     /usr/local/apache-maven-3.0.4/lib/wagon-provider-api-2.2.jar
a7497000-a7498000 ---p 00000000 00:00 0 
a7498000-a7518000 rw-p 00000000 00:00 0 
a7518000-a751b000 ---p 00000000 00:00 0 
a751b000-a7569000 rw-p 00000000 00:00 0 
a7569000-a756c000 ---p 00000000 00:00 0 
a756c000-a75ea000 rw-p 00000000 00:00 0 
a75ea000-a75ed000 ---p 00000000 00:00 0 
a75ed000-a766b000 rw-p 00000000 00:00 0 
a766b000-a766e000 ---p 00000000 00:00 0 
a766e000-a76bc000 rw-p 00000000 00:00 0 
a76bc000-a78bc000 r--p 00000000 ca:01 491755     /usr/lib/locale/locale-archive
a78bc000-a78bf000 ---p 00000000 00:00 0 
a78bf000-a790d000 rw-p 00000000 00:00 0 
a790d000-a7910000 ---p 00000000 00:00 0 
a7910000-a795e000 rw-p 00000000 00:00 0 
a795e000-a795f000 ---p 00000000 00:00 0 
a795f000-a7a2a000 rw-p 00000000 00:00 0 
a7a2a000-a7be6000 r--s 039dc000 ca:01 753722     /usr/local/jdk1.7.0_10/jre/lib/rt.jar
a7be6000-a7bf7000 rw-p 00000000 00:00 0 
a7bf7000-a7c07000 rw-p 00000000 00:00 0 
a7c07000-a7c2f000 rw-p 00000000 00:00 0 
a7c2f000-a7c31000 rw-p 00000000 00:00 0 
a7c31000-a7c45000 rw-p 00000000 00:00 0 
a7c45000-a7c6d000 rw-p 00000000 00:00 0 
a7c6d000-a7c6f000 rw-p 00000000 00:00 0 
a7c6f000-a7c80000 rw-p 00000000 00:00 0 
a7c80000-a7c8f000 rw-p 00000000 00:00 0 
a7c8f000-aa3c0000 rw-p 00000000 00:00 0 
aa3c0000-aa5e0000 rw-p 00000000 00:00 0 
aa5e0000-af422000 rw-p 00000000 00:00 0 
af422000-af890000 rw-p 00000000 00:00 0 
af890000-b1a10000 rw-p 00000000 00:00 0 
b1a10000-b3890000 rw-p 00000000 00:00 0 
b3890000-b38a9000 rw-p 00000000 00:00 0 
b38a9000-b3950000 rw-p 00000000 00:00 0 
b3950000-b3f58000 rwxp 00000000 00:00 0 
b3f58000-b6950000 rw-p 00000000 00:00 0 
b6950000-b6967000 r-xp 00000000 ca:01 770596     /usr/local/jdk1.7.0_10/jre/lib/i386/libzip.so
b6967000-b6968000 rw-p 00017000 ca:01 770596     /usr/local/jdk1.7.0_10/jre/lib/i386/libzip.so
b6968000-b6970000 rw-s 00000000 ca:01 2098651    /tmp/hsperfdata_root/8742
b6970000-b697a000 r-xp 00000000 ca:01 2081991    /lib/i386-linux-gnu/libnss_files-2.13.so
b697a000-b697b000 r--p 00009000 ca:01 2081991    /lib/i386-linux-gnu/libnss_files-2.13.so
b697b000-b697c000 rw-p 0000a000 ca:01 2081991    /lib/i386-linux-gnu/libnss_files-2.13.so
b697c000-b6985000 r-xp 00000000 ca:01 2081996    /lib/i386-linux-gnu/libnss_nis-2.13.so
b6985000-b6986000 r--p 00008000 ca:01 2081996    /lib/i386-linux-gnu/libnss_nis-2.13.so
b6986000-b6987000 rw-p 00009000 ca:01 2081996    /lib/i386-linux-gnu/libnss_nis-2.13.so
b6987000-b699a000 r-xp 00000000 ca:01 2081997    /lib/i386-linux-gnu/libnsl-2.13.so
b699a000-b699b000 r--p 00012000 ca:01 2081997    /lib/i386-linux-gnu/libnsl-2.13.so
b699b000-b699c000 rw-p 00013000 ca:01 2081997    /lib/i386-linux-gnu/libnsl-2.13.so
b699c000-b699e000 rw-p 00000000 00:00 0 
b699e000-b69a4000 r-xp 00000000 ca:01 2082003    /lib/i386-linux-gnu/libnss_compat-2.13.so
b69a4000-b69a5000 r--p 00005000 ca:01 2082003    /lib/i386-linux-gnu/libnss_compat-2.13.so
b69a5000-b69a6000 rw-p 00006000 ca:01 2082003    /lib/i386-linux-gnu/libnss_compat-2.13.so
b69a6000-b69a7000 r--s 00002000 ca:01 2211975    /root/.m2/repository/org/apache/maven/reporting/maven-reporting-api/2.0.6/maven-reporting-api-2.0.6.jar
b69a7000-b69ab000 r--s 0001c000 ca:01 787455     /usr/local/apache-maven-3.0.4/lib/aether-util-1.13.1.jar
b69ab000-b69ce000 r-xp 00000000 ca:01 770562     /usr/local/jdk1.7.0_10/jre/lib/i386/libjava.so
b69ce000-b69cf000 rw-p 00023000 ca:01 770562     /usr/local/jdk1.7.0_10/jre/lib/i386/libjava.so
b69cf000-b69da000 r-xp 00000000 ca:01 770544     /usr/local/jdk1.7.0_10/jre/lib/i386/libverify.so
b69da000-b69db000 rw-p 0000b000 ca:01 770544     /usr/local/jdk1.7.0_10/jre/lib/i386/libverify.so
b69db000-b69e2000 r-xp 00000000 ca:01 2082000    /lib/i386-linux-gnu/librt-2.13.so
b69e2000-b69e3000 r--p 00006000 ca:01 2082000    /lib/i386-linux-gnu/librt-2.13.so
b69e3000-b69e4000 rw-p 00007000 ca:01 2082000    /lib/i386-linux-gnu/librt-2.13.so
b69e4000-b69e7000 ---p 00000000 00:00 0 
b69e7000-b6a35000 rw-p 00000000 00:00 0 
b6a35000-b6a59000 r-xp 00000000 ca:01 2082009    /lib/i386-linux-gnu/libm-2.13.so
b6a59000-b6a5a000 r--p 00023000 ca:01 2082009    /lib/i386-linux-gnu/libm-2.13.so
b6a5a000-b6a5b000 rw-p 00024000 ca:01 2082009    /lib/i386-linux-gnu/libm-2.13.so
b6a5b000-b7214000 r-xp 00000000 ca:01 786436     /usr/local/jdk1.7.0_10/jre/lib/i386/server/libjvm.so
b7214000-b7266000 rw-p 007b9000 ca:01 786436     /usr/local/jdk1.7.0_10/jre/lib/i386/server/libjvm.so
b7266000-b7689000 rw-p 00000000 00:00 0 
b7689000-b77ea000 r-xp 00000000 ca:01 2082007    /lib/i386-linux-gnu/libc-2.13.so
b77ea000-b77eb000 ---p 00161000 ca:01 2082007    /lib/i386-linux-gnu/libc-2.13.so
b77eb000-b77ed000 r--p 00161000 ca:01 2082007    /lib/i386-linux-gnu/libc-2.13.so
b77ed000-b77ee000 rw-p 00163000 ca:01 2082007    /lib/i386-linux-gnu/libc-2.13.so
b77ee000-b77f1000 rw-p 00000000 00:00 0 
b77f1000-b77f3000 r-xp 00000000 ca:01 2082002    /lib/i386-linux-gnu/libdl-2.13.so
b77f3000-b77f4000 r--p 00001000 ca:01 2082002    /lib/i386-linux-gnu/libdl-2.13.so
b77f4000-b77f5000 rw-p 00002000 ca:01 2082002    /lib/i386-linux-gnu/libdl-2.13.so
b77f5000-b77f6000 rw-p 00000000 00:00 0 
b77f6000-b7809000 r-xp 00000000 ca:01 770566     /usr/local/jdk1.7.0_10/jre/lib/i386/jli/libjli.so
b7809000-b780a000 rw-p 00012000 ca:01 770566     /usr/local/jdk1.7.0_10/jre/lib/i386/jli/libjli.so
b780a000-b781f000 r-xp 00000000 ca:01 2082008    /lib/i386-linux-gnu/libpthread-2.13.so
b781f000-b7820000 r--p 00015000 ca:01 2082008    /lib/i386-linux-gnu/libpthread-2.13.so
b7820000-b7821000 rw-p 00016000 ca:01 2082008    /lib/i386-linux-gnu/libpthread-2.13.so
b7821000-b7823000 rw-p 00000000 00:00 0 
b7823000-b7824000 r--s 00003000 ca:01 787454     /usr/local/apache-maven-3.0.4/lib/aether-spi-1.13.1.jar
b7824000-b7826000 r--s 0000a000 ca:01 787432     /usr/local/apache-maven-3.0.4/boot/plexus-classworlds-2.4.jar
b7826000-b7827000 rw-p 00000000 00:00 0 
b7827000-b7828000 r--p 00000000 00:00 0 
b7828000-b782c000 rw-p 00000000 00:00 0 
b782c000-b782d000 r-xp 00000000 00:00 0          [vdso]
b782d000-b7849000 r-xp 00000000 ca:01 2081999    /lib/i386-linux-gnu/ld-2.13.so
b7849000-b784a000 r--p 0001b000 ca:01 2081999    /lib/i386-linux-gnu/ld-2.13.so
b784a000-b784b000 rw-p 0001c000 ca:01 2081999    /lib/i386-linux-gnu/ld-2.13.so
bf9ab000-bf9cc000 rw-p 00000000 00:00 0          [stack]

VM Arguments:
jvm_args: -Dclassworlds.conf=/usr/local/maven/bin/m2.conf -Dmaven.home=/usr/local/maven 
java_command: org.codehaus.plexus.classworlds.launcher.Launcher jetty:run -Djetty.port=29999 -Duser.country=CN -Duser.language=zh
Launcher Type: SUN_STANDARD

Environment Variables:
JAVA_HOME=/usr/local/jdk
PATH=/usr/local/sbin:/usr/local/bin:/usr/sbin:/usr/bin:/sbin:/bin:/usr/local/maven/bin:/usr/local/jdk/bin:/usr/local/maven/bin:/usr/local/jdk/bin
SHELL=/bin/bash

Signal Handlers:
SIGSEGV: [libjvm.so+0x720eb0], sa_mask[0]=0x7ffbfeff, sa_flags=0x10000004
SIGBUS: [libjvm.so+0x720eb0], sa_mask[0]=0x7ffbfeff, sa_flags=0x10000004
SIGFPE: [libjvm.so+0x5d9d00], sa_mask[0]=0x7ffbfeff, sa_flags=0x10000004
SIGPIPE: [libjvm.so+0x5d9d00], sa_mask[0]=0x7ffbfeff, sa_flags=0x10000004
SIGXFSZ: [libjvm.so+0x5d9d00], sa_mask[0]=0x7ffbfeff, sa_flags=0x10000004
SIGILL: [libjvm.so+0x5d9d00], sa_mask[0]=0x7ffbfeff, sa_flags=0x10000004
SIGUSR1: SIG_DFL, sa_mask[0]=0x00000000, sa_flags=0x00000000
SIGUSR2: [libjvm.so+0x5d95e0], sa_mask[0]=0x00000000, sa_flags=0x10000004
SIGHUP: SIG_IGN, sa_mask[0]=0x00000000, sa_flags=0x00000000
SIGINT: SIG_IGN, sa_mask[0]=0x00000000, sa_flags=0x00000000
SIGTERM: [libjvm.so+0x5dbbd0], sa_mask[0]=0x7ffbfeff, sa_flags=0x10000004
SIGQUIT: [libjvm.so+0x5dbbd0], sa_mask[0]=0x7ffbfeff, sa_flags=0x10000004


---------------  S Y S T E M  ---------------

OS:squeeze/sid

uname:Linux 2.6.38-8-generic-pae #42-Ubuntu SMP Mon Apr 11 05:17:09 UTC 2011 i686
libc:glibc 2.13 NPTL 2.13 
rlimit: STACK 8192k, CORE 0k, NPROC 12000, NOFILE 180000, AS infinity
load average:1.29 0.38 0.17

/proc/meminfo:
MemTotal:         505760 kB
MemFree:            6440 kB
Buffers:            4672 kB
Cached:            92952 kB
SwapCached:         1268 kB
Active:           238200 kB
Inactive:         239292 kB
Active(anon):     189924 kB
Inactive(anon):   190288 kB
Active(file):      48276 kB
Inactive(file):    49004 kB
Unevictable:           0 kB
Mlocked:               0 kB
HighTotal:             0 kB
HighFree:              0 kB
LowTotal:         505760 kB
LowFree:            6440 kB
SwapTotal:       1048572 kB
SwapFree:         977944 kB
Dirty:             26360 kB
Writeback:             0 kB
AnonPages:        379048 kB
Mapped:            14156 kB
Shmem:               304 kB
Slab:              13304 kB
SReclaimable:       8860 kB
SUnreclaim:         4444 kB
KernelStack:        1024 kB
PageTables:         1952 kB
NFS_Unstable:          0 kB
Bounce:                0 kB
WritebackTmp:          0 kB
CommitLimit:     1301452 kB
Committed_AS:     678988 kB
VmallocTotal:     331768 kB
VmallocUsed:        2792 kB
VmallocChunk:     328812 kB
HardwareCorrupted:     0 kB
HugePages_Total:       0
HugePages_Free:        0
HugePages_Rsvd:        0
HugePages_Surp:        0
Hugepagesize:       2048 kB
DirectMap4k:      532480 kB
DirectMap2M:           0 kB


CPU:total 1 (6 cores per cpu, 2 threads per core) family 6 model 45 stepping 7, cmov, cx8, fxsr, mmx, sse, sse2, sse3, ssse3, sse4.1, sse4.2, popcnt, ht, tsc, tscinvbit, tscinv

/proc/cpuinfo:
processor	: 0
vendor_id	: GenuineIntel
cpu family	: 6
model		: 45
model name	: Intel(R) Xeon(R) CPU E5-2620 0 @ 2.00GHz
stepping	: 7
cpu MHz		: 1999.999
cache size	: 15360 KB
fdiv_bug	: no
hlt_bug		: no
f00f_bug	: no
coma_bug	: no
fpu		: yes
fpu_exception	: yes
cpuid level	: 13
wp		: yes
flags		: fpu de tsc msr pae cx8 sep cmov pat clflush mmx fxsr sse sse2 ss ht nx constant_tsc up nonstop_tsc pni pclmulqdq ssse3 sse4_1 sse4_2 x2apic popcnt aes avx hypervisor
bogomips	: 3999.99
clflush size	: 64
cache_alignment	: 64
address sizes	: 46 bits physical, 48 bits virtual
power management:



Memory: 4k page, physical 505760k(6316k free), swap 1048572k(977944k free)

vm_info: Java HotSpot(TM) Server VM (23.6-b04) for linux-x86 JRE (1.7.0_10-b18), built on Nov 28 2012 04:28:35 by "java_re" with gcc 4.3.0 20080428 (Red Hat 4.3.0-8)

time: Thu Jan 31 22:57:09 2013
elapsed time: 33291 seconds

