#
# A fatal error has been detected by the Java Runtime Environment:
#
#  SIGSEGV (0xb) at pc=0xb7719816, pid=28730, tid=2776628080
#
# JRE version: 7.0_10-b18
# Java VM: Java HotSpot(TM) Server VM (23.6-b04 mixed mode linux-x86 )
# Problematic frame:
# C  [libc.so.6+0x11b816]  getaliasbyname_r+0x4be6
#
# Failed to write core dump. Core dumps have been disabled. To enable core dumping, try "ulimit -c unlimited" before starting Java again
#
# If you would like to submit a bug report, please visit:
#   http://bugreport.sun.com/bugreport/crash.jsp
# The crash happened outside the Java Virtual Machine in native code.
# See problematic frame for where to report the bug.
#

---------------  T H R E A D  ---------------

Current thread (0xa5c4b400):  JavaThread "22783358@qtp-27102977-442" [_thread_in_native, id=22606, stack(0xa57af000,0xa5800000)]

siginfo:si_signo=SIGSEGV: si_errno=0, si_code=2 (SEGV_ACCERR), si_addr=0xa6e11000

Registers:
EAX=0xa6e0b5d0, EBX=0xb7743990, ECX=0x0000a21f, EDX=0x08c19ce0
ESP=0xa57fc6f4, EBP=0xa57fc798, ESI=0x08b82d18, EDI=0x00005a20
EIP=0xb7719816, EFLAGS=0x00010202, CR2=0xa6e11000

Top of Stack: (sp=0xa57fc6f4)
0xa57fc6f4:   a6e0b5a2 b68dc1f0 b68c9982 08c19cd8
0xa57fc704:   a6e0b5d0 0000fc67 2e6c6974 73616c63
0xa57fc714:   a6002f73 6f632228 70662f6d 2f736d63
0xa57fc724:   6d6d6f63 752f6e6f 2e6c6974 73616c63
0xa57fc734:   6d002f73 752f6e6f b6f7c5de 73616c63
0xa57fc744:   22002f73 745c745c 08b82d18 a6807a20
0xa57fc754:   2fd989bd d095f991 00000000 0000fc67
0xa57fc764:   000089bd 08b82d18 a6e0b5a2 a6807af8 

Instructions: (pc=0xb7719816)
0xb77197f6:   0f 6f e3 66 0f 3a 0f da 08 66 0f 3a 0f d1 08 8d
0xb7719806:   7f 20 66 0f 7f 54 3a e0 66 0f 7f 5c 3a f0 72 30
0xb7719816:   66 0f 6f 54 38 10 83 e9 20 66 0f 6f 5c 38 20 66
0xb7719826:   0f 6f cb 66 0f 3a 0f da 08 66 0f 3a 0f d4 08 8d 

Register to memory mapping:

EAX=0xa6e0b5d0 is an unknown value
EBX=0xb7743990: <offset 0x145990> in /lib/i386-linux-gnu/libc.so.6 at 0xb75fe000
ECX=0x0000a21f is an unknown value
EDX=0x08c19ce0 is an unknown value
ESP=0xa57fc6f4 is pointing into the stack for thread: 0xa5c4b400
EBP=0xa57fc798 is pointing into the stack for thread: 0xa5c4b400
ESI=0x08b82d18 is an unknown value
EDI=0x00005a20 is an unknown value


Stack: [0xa57af000,0xa5800000],  sp=0xa57fc6f4,  free space=309k
Native frames: (J=compiled Java code, j=interpreted, Vv=VM code, C=native code)
C  [libc.so.6+0x11b816]  getaliasbyname_r+0x4be6
C  [libzip.so+0x5008]  ZIP_GetEntry+0xc8
C  [libzip.so+0x3a01]  Java_java_util_zip_ZipFile_getEntry+0xc1
J  java.util.zip.ZipFile.getEntry(J[BZ)J

Java frames: (J=compiled Java code, j=interpreted, Vv=VM code)
J  java.util.zip.ZipFile.getEntry(J[BZ)J
J  java.util.zip.ZipFile.getEntry(Ljava/lang/String;)Ljava/util/zip/ZipEntry;
J  sun.misc.URLClassPath$JarLoader.getResource(Ljava/lang/String;Z)Lsun/misc/Resource;
J  sun.misc.URLClassPath.findResource(Ljava/lang/String;Z)Ljava/net/URL;
j  java.net.URLClassLoader$2.run()Ljava/net/URL;+12
j  java.net.URLClassLoader$2.run()Ljava/lang/Object;+1
v  ~StubRoutines::call_stub
j  java.security.AccessController.doPrivileged(Ljava/security/PrivilegedAction;Ljava/security/AccessControlContext;)Ljava/lang/Object;+0
j  java.net.URLClassLoader.findResource(Ljava/lang/String;)Ljava/net/URL;+13
j  org.mortbay.jetty.webapp.WebAppClassLoader.getResource(Ljava/lang/String;)Ljava/net/URL;+46
j  java.lang.ClassLoader.getResource(Ljava/lang/String;)Ljava/net/URL;+12
j  java.net.URLClassLoader.getResourceAsStream(Ljava/lang/String;)Ljava/io/InputStream;+2
j  org.apache.jasper.compiler.JDTJavaCompiler$1.findType(Ljava/lang/String;)Lorg/eclipse/jdt/internal/compiler/env/NameEnvironmentAnswer;+79
j  org.apache.jasper.compiler.JDTJavaCompiler$1.findType([C[[C)Lorg/eclipse/jdt/internal/compiler/env/NameEnvironmentAnswer;+124
j  org.eclipse.jdt.internal.compiler.lookup.LookupEnvironment.askForType(Lorg/eclipse/jdt/internal/compiler/lookup/PackageBinding;[C)Lorg/eclipse/jdt/internal/compiler/lookup/ReferenceBinding;+27
j  org.eclipse.jdt.internal.compiler.lookup.PackageBinding.getTypeOrPackage([C)Lorg/eclipse/jdt/internal/compiler/lookup/Binding;+76
j  org.eclipse.jdt.internal.compiler.lookup.CompilationUnitScope.findImport([[CI)Lorg/eclipse/jdt/internal/compiler/lookup/Binding;+41
j  org.eclipse.jdt.internal.compiler.lookup.CompilationUnitScope.findSingleImport([[CZ)Lorg/eclipse/jdt/internal/compiler/lookup/Binding;+91
j  org.eclipse.jdt.internal.compiler.lookup.CompilationUnitScope.faultInImports()V+436
j  org.eclipse.jdt.internal.compiler.lookup.CompilationUnitScope.faultInTypes()V+1
j  org.eclipse.jdt.internal.compiler.Compiler.process(Lorg/eclipse/jdt/internal/compiler/ast/CompilationUnitDeclaration;I)V+19
j  org.eclipse.jdt.internal.compiler.Compiler.compile([Lorg/eclipse/jdt/internal/compiler/env/ICompilationUnit;)V+86
j  org.apache.jasper.compiler.JDTJavaCompiler.compile(Ljava/lang/String;Lorg/apache/jasper/compiler/Node$Nodes;)[Lorg/apache/jasper/compiler/JavacErrorDetail;+230
j  org.apache.jasper.compiler.Compiler.generateClass()V+362
j  org.apache.jasper.compiler.Compiler.compile(Z)V+46
j  org.apache.jasper.JspCompilationContext.compile()V+28
j  org.apache.jasper.servlet.JspServletWrapper.service(Ljavax/servlet/http/HttpServletRequest;Ljavax/servlet/http/HttpServletResponse;Z)V+108
j  org.apache.jasper.servlet.JspServlet.serviceJspFile(Ljavax/servlet/http/HttpServletRequest;Ljavax/servlet/http/HttpServletResponse;Ljava/lang/String;Ljava/lang/Throwable;Z)V+190
j  org.apache.jasper.servlet.JspServlet.service(Ljavax/servlet/http/HttpServletRequest;Ljavax/servlet/http/HttpServletResponse;)V+427
j  javax.servlet.http.HttpServlet.service(Ljavax/servlet/ServletRequest;Ljavax/servlet/ServletResponse;)V+30
j  org.mortbay.jetty.servlet.ServletHolder.handle(Ljavax/servlet/ServletRequest;Ljavax/servlet/ServletResponse;)V+176
j  org.mortbay.jetty.servlet.ServletHandler$CachedChain.doFilter(Ljavax/servlet/ServletRequest;Ljavax/servlet/ServletResponse;)V+103
j  org.springframework.web.filter.OncePerRequestFilter.doFilter(Ljavax/servlet/ServletRequest;Ljavax/servlet/ServletResponse;Ljavax/servlet/FilterChain;)V+65
j  org.mortbay.jetty.servlet.ServletHandler$CachedChain.doFilter(Ljavax/servlet/ServletRequest;Ljavax/servlet/ServletResponse;)V+53
j  org.mortbay.jetty.servlet.ServletHandler.handle(Ljava/lang/String;Ljavax/servlet/http/HttpServletRequest;Ljavax/servlet/http/HttpServletResponse;I)V+465
j  org.mortbay.jetty.security.SecurityHandler.handle(Ljava/lang/String;Ljavax/servlet/http/HttpServletRequest;Ljavax/servlet/http/HttpServletResponse;I)V+206
j  org.mortbay.jetty.servlet.SessionHandler.handle(Ljava/lang/String;Ljavax/servlet/http/HttpServletRequest;Ljavax/servlet/http/HttpServletResponse;I)V+225
j  org.mortbay.jetty.handler.ContextHandler.handle(Ljava/lang/String;Ljavax/servlet/http/HttpServletRequest;Ljavax/servlet/http/HttpServletResponse;I)V+721
j  org.mortbay.jetty.webapp.WebAppContext.handle(Ljava/lang/String;Ljavax/servlet/http/HttpServletRequest;Ljavax/servlet/http/HttpServletResponse;I)V+25
j  org.mortbay.jetty.servlet.Dispatcher.forward(Ljavax/servlet/ServletRequest;Ljavax/servlet/ServletResponse;I)V+753
j  org.mortbay.jetty.servlet.Dispatcher.forward(Ljavax/servlet/ServletRequest;Ljavax/servlet/ServletResponse;)V+4
j  org.springframework.web.servlet.view.InternalResourceView.renderMergedOutputModel(Ljava/util/Map;Ljavax/servlet/http/HttpServletRequest;Ljavax/servlet/http/HttpServletResponse;)V+234
j  org.springframework.web.servlet.view.AbstractView.render(Ljava/util/Map;Ljavax/servlet/http/HttpServletRequest;Ljavax/servlet/http/HttpServletResponse;)V+155
j  org.springframework.web.servlet.DispatcherServlet.render(Lorg/springframework/web/servlet/ModelAndView;Ljavax/servlet/http/HttpServletRequest;Ljavax/servlet/http/HttpServletResponse;)V+223
J  org.springframework.web.servlet.DispatcherServlet.doDispatch(Ljavax/servlet/http/HttpServletRequest;Ljavax/servlet/http/HttpServletResponse;)V
J  org.springframework.web.servlet.DispatcherServlet.doService(Ljavax/servlet/http/HttpServletRequest;Ljavax/servlet/http/HttpServletResponse;)V
j  org.springframework.web.servlet.FrameworkServlet.processRequest(Ljavax/servlet/http/HttpServletRequest;Ljavax/servlet/http/HttpServletResponse;)V+111
j  org.springframework.web.servlet.FrameworkServlet.doGet(Ljavax/servlet/http/HttpServletRequest;Ljavax/servlet/http/HttpServletResponse;)V+3
j  javax.servlet.http.HttpServlet.service(Ljavax/servlet/http/HttpServletRequest;Ljavax/servlet/http/HttpServletResponse;)V+35
j  javax.servlet.http.HttpServlet.service(Ljavax/servlet/ServletRequest;Ljavax/servlet/ServletResponse;)V+30
j  org.mortbay.jetty.servlet.ServletHolder.handle(Ljavax/servlet/ServletRequest;Ljavax/servlet/ServletResponse;)V+176
j  org.mortbay.jetty.servlet.ServletHandler$CachedChain.doFilter(Ljavax/servlet/ServletRequest;Ljavax/servlet/ServletResponse;)V+103
j  com.fpcms.common.web.filter.StrSubstitutorFilter.doFilterInternal(Ljavax/servlet/http/HttpServletRequest;Ljavax/servlet/http/HttpServletResponse;Ljavax/servlet/FilterChain;)V+36
j  org.springframework.web.filter.OncePerRequestFilter.doFilter(Ljavax/servlet/ServletRequest;Ljavax/servlet/ServletResponse;Ljavax/servlet/FilterChain;)V+90
j  org.mortbay.jetty.servlet.ServletHandler$CachedChain.doFilter(Ljavax/servlet/ServletRequest;Ljavax/servlet/ServletResponse;)V+53
j  com.fpcms.common.web.filter.LoggerMDCFilter.doFilterInternal(Ljavax/servlet/http/HttpServletRequest;Ljavax/servlet/http/HttpServletResponse;Ljavax/servlet/FilterChain;)V+148
j  org.springframework.web.filter.OncePerRequestFilter.doFilter(Ljavax/servlet/ServletRequest;Ljavax/servlet/ServletResponse;Ljavax/servlet/FilterChain;)V+90
j  org.mortbay.jetty.servlet.ServletHandler$CachedChain.doFilter(Ljavax/servlet/ServletRequest;Ljavax/servlet/ServletResponse;)V+53
j  org.springframework.web.filter.OncePerRequestFilter.doFilter(Ljavax/servlet/ServletRequest;Ljavax/servlet/ServletResponse;Ljavax/servlet/FilterChain;)V+65
j  org.mortbay.jetty.servlet.ServletHandler$CachedChain.doFilter(Ljavax/servlet/ServletRequest;Ljavax/servlet/ServletResponse;)V+53
j  org.mortbay.jetty.servlet.ServletHandler.handle(Ljava/lang/String;Ljavax/servlet/http/HttpServletRequest;Ljavax/servlet/http/HttpServletResponse;I)V+465
j  org.mortbay.jetty.security.SecurityHandler.handle(Ljava/lang/String;Ljavax/servlet/http/HttpServletRequest;Ljavax/servlet/http/HttpServletResponse;I)V+206
j  org.mortbay.jetty.servlet.SessionHandler.handle(Ljava/lang/String;Ljavax/servlet/http/HttpServletRequest;Ljavax/servlet/http/HttpServletResponse;I)V+225
j  org.mortbay.jetty.handler.ContextHandler.handle(Ljava/lang/String;Ljavax/servlet/http/HttpServletRequest;Ljavax/servlet/http/HttpServletResponse;I)V+721
j  org.mortbay.jetty.webapp.WebAppContext.handle(Ljava/lang/String;Ljavax/servlet/http/HttpServletRequest;Ljavax/servlet/http/HttpServletResponse;I)V+25
j  org.mortbay.jetty.servlet.Dispatcher.forward(Ljavax/servlet/ServletRequest;Ljavax/servlet/ServletResponse;I)V+753
j  org.mortbay.jetty.servlet.Dispatcher.forward(Ljavax/servlet/ServletRequest;Ljavax/servlet/ServletResponse;)V+4
j  org.apache.jasper.runtime.PageContextImpl.forward(Ljava/lang/String;)V+125
j  org.apache.jsp.index_jsp._jspService(Ljavax/servlet/http/HttpServletRequest;Ljavax/servlet/http/HttpServletResponse;)V+107
j  org.apache.jasper.runtime.HttpJspBase.service(Ljavax/servlet/http/HttpServletRequest;Ljavax/servlet/http/HttpServletResponse;)V+3
j  javax.servlet.http.HttpServlet.service(Ljavax/servlet/ServletRequest;Ljavax/servlet/ServletResponse;)V+30
j  org.apache.jasper.servlet.JspServletWrapper.service(Ljavax/servlet/http/HttpServletRequest;Ljavax/servlet/http/HttpServletResponse;Z)V+199
j  org.apache.jasper.servlet.JspServlet.serviceJspFile(Ljavax/servlet/http/HttpServletRequest;Ljavax/servlet/http/HttpServletResponse;Ljava/lang/String;Ljava/lang/Throwable;Z)V+190
j  org.apache.jasper.servlet.JspServlet.service(Ljavax/servlet/http/HttpServletRequest;Ljavax/servlet/http/HttpServletResponse;)V+427
j  javax.servlet.http.HttpServlet.service(Ljavax/servlet/ServletRequest;Ljavax/servlet/ServletResponse;)V+30
j  org.mortbay.jetty.servlet.ServletHolder.handle(Ljavax/servlet/ServletRequest;Ljavax/servlet/ServletResponse;)V+176
j  org.mortbay.jetty.servlet.ServletHandler$CachedChain.doFilter(Ljavax/servlet/ServletRequest;Ljavax/servlet/ServletResponse;)V+103
j  org.springframework.web.filter.OncePerRequestFilter.doFilter(Ljavax/servlet/ServletRequest;Ljavax/servlet/ServletResponse;Ljavax/servlet/FilterChain;)V+65
j  org.mortbay.jetty.servlet.ServletHandler$CachedChain.doFilter(Ljavax/servlet/ServletRequest;Ljavax/servlet/ServletResponse;)V+53
j  org.mortbay.jetty.servlet.ServletHandler.handle(Ljava/lang/String;Ljavax/servlet/http/HttpServletRequest;Ljavax/servlet/http/HttpServletResponse;I)V+465
j  org.mortbay.jetty.security.SecurityHandler.handle(Ljava/lang/String;Ljavax/servlet/http/HttpServletRequest;Ljavax/servlet/http/HttpServletResponse;I)V+206
j  org.mortbay.jetty.servlet.SessionHandler.handle(Ljava/lang/String;Ljavax/servlet/http/HttpServletRequest;Ljavax/servlet/http/HttpServletResponse;I)V+225
j  org.mortbay.jetty.handler.ContextHandler.handle(Ljava/lang/String;Ljavax/servlet/http/HttpServletRequest;Ljavax/servlet/http/HttpServletResponse;I)V+721
j  org.mortbay.jetty.webapp.WebAppContext.handle(Ljava/lang/String;Ljavax/servlet/http/HttpServletRequest;Ljavax/servlet/http/HttpServletResponse;I)V+25
j  org.mortbay.jetty.servlet.Dispatcher.forward(Ljavax/servlet/ServletRequest;Ljavax/servlet/ServletResponse;I)V+753
j  org.mortbay.jetty.servlet.Dispatcher.forward(Ljavax/servlet/ServletRequest;Ljavax/servlet/ServletResponse;)V+4
j  org.mortbay.jetty.servlet.DefaultServlet.doGet(Ljavax/servlet/http/HttpServletRequest;Ljavax/servlet/http/HttpServletResponse;)V+1012
j  javax.servlet.http.HttpServlet.service(Ljavax/servlet/http/HttpServletRequest;Ljavax/servlet/http/HttpServletResponse;)V+35
j  javax.servlet.http.HttpServlet.service(Ljavax/servlet/ServletRequest;Ljavax/servlet/ServletResponse;)V+30
j  org.mortbay.jetty.servlet.ServletHolder.handle(Ljavax/servlet/ServletRequest;Ljavax/servlet/ServletResponse;)V+176
j  org.mortbay.jetty.servlet.ServletHandler$CachedChain.doFilter(Ljavax/servlet/ServletRequest;Ljavax/servlet/ServletResponse;)V+103
j  com.fpcms.common.web.filter.CmsSiteExistsFilter.doFilterInternal(Ljavax/servlet/http/HttpServletRequest;Ljavax/servlet/http/HttpServletResponse;Ljavax/servlet/FilterChain;)V+52
j  org.springframework.web.filter.OncePerRequestFilter.doFilter(Ljavax/servlet/ServletRequest;Ljavax/servlet/ServletResponse;Ljavax/servlet/FilterChain;)V+90
j  org.mortbay.jetty.servlet.ServletHandler$CachedChain.doFilter(Ljavax/servlet/ServletRequest;Ljavax/servlet/ServletResponse;)V+53
j  com.fpcms.common.web.filter.RedirectLocation301Filter.doFilterInternal(Ljavax/servlet/http/HttpServletRequest;Ljavax/servlet/http/HttpServletResponse;Ljavax/servlet/FilterChain;)V+13
j  org.springframework.web.filter.OncePerRequestFilter.doFilter(Ljavax/servlet/ServletRequest;Ljavax/servlet/ServletResponse;Ljavax/servlet/FilterChain;)V+90
j  org.mortbay.jetty.servlet.ServletHandler$CachedChain.doFilter(Ljavax/servlet/ServletRequest;Ljavax/servlet/ServletResponse;)V+53
j  org.mortbay.jetty.servlet.ServletHandler.handle(Ljava/lang/String;Ljavax/servlet/http/HttpServletRequest;Ljavax/servlet/http/HttpServletResponse;I)V+465
j  org.mortbay.jetty.security.SecurityHandler.handle(Ljava/lang/String;Ljavax/servlet/http/HttpServletRequest;Ljavax/servlet/http/HttpServletResponse;I)V+206
j  org.mortbay.jetty.servlet.SessionHandler.handle(Ljava/lang/String;Ljavax/servlet/http/HttpServletRequest;Ljavax/servlet/http/HttpServletResponse;I)V+225
j  org.mortbay.jetty.handler.ContextHandler.handle(Ljava/lang/String;Ljavax/servlet/http/HttpServletRequest;Ljavax/servlet/http/HttpServletResponse;I)V+721
j  org.mortbay.jetty.webapp.WebAppContext.handle(Ljava/lang/String;Ljavax/servlet/http/HttpServletRequest;Ljavax/servlet/http/HttpServletResponse;I)V+25
j  org.mortbay.jetty.handler.ContextHandlerCollection.handle(Ljava/lang/String;Ljavax/servlet/http/HttpServletRequest;Ljavax/servlet/http/HttpServletResponse;I)V+373
J  org.mortbay.jetty.handler.HandlerCollection.handle(Ljava/lang/String;Ljavax/servlet/http/HttpServletRequest;Ljavax/servlet/http/HttpServletResponse;I)V
j  org.mortbay.jetty.handler.HandlerWrapper.handle(Ljava/lang/String;Ljavax/servlet/http/HttpServletRequest;Ljavax/servlet/http/HttpServletResponse;I)V+23
j  org.mortbay.jetty.Server.handle(Lorg/mortbay/jetty/HttpConnection;)V+110
j  org.mortbay.jetty.HttpConnection.handleRequest()V+137
j  org.mortbay.jetty.HttpConnection$RequestHandler.headerComplete()V+466
J  org.mortbay.jetty.HttpParser.parseNext()J
j  org.mortbay.jetty.HttpParser.parseAvailable()J+1
j  org.mortbay.jetty.HttpConnection.handle()V+122
j  org.mortbay.io.nio.SelectChannelEndPoint.run()V+4
j  org.mortbay.thread.QueuedThreadPool$PoolThread.run()V+25
v  ~StubRoutines::call_stub

---------------  P R O C E S S  ---------------

Java Threads: ( => current thread )
  0xa5c4bc00 JavaThread "30070330@qtp-27102977-444" [_thread_blocked, id=22735, stack(0xa48af000,0xa4900000)]
  0xa56f5000 JavaThread "9417833@qtp-27102977-443" [_thread_blocked, id=22734, stack(0xa46af000,0xa4700000)]
=>0xa5c4b400 JavaThread "22783358@qtp-27102977-442" [_thread_in_native, id=22606, stack(0xa57af000,0xa5800000)]
  0x086bd000 JavaThread "MultiThreadedHttpConnectionManager cleanup" daemon [_thread_blocked, id=1467, stack(0xa6e11000,0xa6e62000)]
  0x08d76000 JavaThread "pool-1-thread-2" [_thread_blocked, id=30098, stack(0xa5b0d000,0xa5b5e000)]
  0xa497f800 JavaThread "pool-2-thread-2" [_thread_blocked, id=29673, stack(0xa575e000,0xa57af000)]
  0x091aa400 JavaThread "com.mchange.v2.async.ThreadPoolAsynchronousRunner$PoolThread-#2" daemon [_thread_blocked, id=28767, stack(0xa5b5e000,0xa5baf000)]
  0x091ad800 JavaThread "com.mchange.v2.async.ThreadPoolAsynchronousRunner$PoolThread-#1" daemon [_thread_blocked, id=28766, stack(0xa5baf000,0xa5c00000)]
  0x08e1f000 JavaThread "com.mchange.v2.async.ThreadPoolAsynchronousRunner$PoolThread-#0" daemon [_thread_blocked, id=28765, stack(0xa620d000,0xa625e000)]
  0x08969400 JavaThread "Timer-1" daemon [_thread_blocked, id=28764, stack(0xa625e000,0xa62af000)]
  0x08997000 JavaThread "pool-2-thread-1" [_thread_blocked, id=28747, stack(0xa6455000,0xa64a6000)]
  0x0899ac00 JavaThread "pool-1-thread-1" [_thread_blocked, id=28746, stack(0xa64a6000,0xa64f7000)]
  0xa6d4dc00 JavaThread "Timer-0" daemon [_thread_blocked, id=28745, stack(0xa62af000,0xa6300000)]
  0xa6801800 JavaThread "8942146@qtp-27102977-1 - Acceptor0 SelectChannelConnector@0.0.0.0:29999" [_thread_in_native, id=28744, stack(0xa6a23000,0xa6a74000)]
  0x0866ec00 JavaThread "Service Thread" daemon [_thread_blocked, id=28739, stack(0xa7488000,0xa74d9000)]
  0x08664400 JavaThread "C2 CompilerThread1" daemon [_thread_blocked, id=28738, stack(0xa74d9000,0xa755a000)]
  0x08662800 JavaThread "C2 CompilerThread0" daemon [_thread_blocked, id=28737, stack(0xa755a000,0xa75db000)]
  0x08660c00 JavaThread "Signal Dispatcher" daemon [_thread_blocked, id=28736, stack(0xa75db000,0xa762c000)]
  0x08623000 JavaThread "Finalizer" daemon [_thread_blocked, id=28735, stack(0xa782c000,0xa787d000)]
  0x08621400 JavaThread "Reference Handler" daemon [_thread_blocked, id=28734, stack(0xa787d000,0xa78ce000)]
  0x085a6000 JavaThread "main" [_thread_blocked, id=28732, stack(0xb6959000,0xb69aa000)]

Other Threads:
  0x0861bc00 VMThread [stack: 0xa78ce000,0xa794f000] [id=28733]
  0x08670c00 WatcherThread [stack: 0xa7407000,0xa7488000] [id=28740]

VM state:not at safepoint (normal execution)

VM Mutex/Monitor currently owned by a thread: None

Heap
 def new generation   total 38080K, used 4911K [0xa7c00000, 0xaa550000, 0xaa550000)
  eden space 33856K,   8% used [0xa7c00000, 0xa7ee8d08, 0xa9d10000)
  from space 4224K,  45% used [0xaa130000, 0xaa3130a8, 0xaa550000)
  to   space 4224K,   0% used [0xa9d10000, 0xa9d10000, 0xaa130000)
 tenured generation   total 84672K, used 74524K [0xaa550000, 0xaf800000, 0xaf800000)
   the space 84672K,  88% used [0xaa550000, 0xaee17050, 0xaee17200, 0xaf800000)
 compacting perm gen  total 30976K, used 30848K [0xaf800000, 0xb1640000, 0xb3800000)
   the space 30976K,  99% used [0xaf800000, 0xb16200d0, 0xb1620200, 0xb1640000)
No shared spaces configured.

Card table byte_map: [0xa7ba1000,0xa7c00000] byte_map_base: 0xa7663000

Polling page: 0xb779c000

Code Cache  [0xb38c5000, 0xb3f65000, 0xb68c5000)
 total_blobs=1878 nmethods=1714 adapters=115 free_code_cache=42455Kb largest_free_block=43393088

Compilation events (10 events):
Event: 115589.610 Thread 0x08664400 1872   !         org.springframework.web.servlet.DispatcherServlet::doDispatch (594 bytes)
Event: 115589.686 Thread 0x08664400 nmethod 1872 0xb3ec4388 code [0xb3ec47e0, 0xb3ec6870]
Event: 115592.009 Thread 0x08662800 1873   !         org.mortbay.jetty.HttpGenerator::flush (631 bytes)
Event: 115592.033 Thread 0x08662800 nmethod 1873 0xb3d1a948 code [0xb3d1ab80, 0xb3d1b494]
Event: 115605.973 Thread 0x08664400 1874   !         org.apache.jasper.compiler.Compiler::isOutDated (514 bytes)
Event: 115606.035 Thread 0x08664400 nmethod 1874 0xb3f60948 code [0xb3f60c80, 0xb3f61914]
Event: 116497.259 Thread 0x08662800   50 %           org.apache.taglibs.standard.tag.common.core.OutSupport::writeEscapedXml @ 5 (85 bytes)
Event: 116497.268 Thread 0x08662800 nmethod 50% 0xb3e4a488 code [0xb3e4a5c0, 0xb3e4a8f0]
Event: 116497.269 Thread 0x08664400 1875             org.apache.taglibs.standard.tag.common.core.OutSupport::writeEscapedXml (85 bytes)
Event: 116497.273 Thread 0x08664400 nmethod 1875 0xb3e49dc8 code [0xb3e49f00, 0xb3e4a1d0]

GC Heap History (10 events):
Event: 115712.366 GC heap before
{Heap before GC invocations=811 (full 9):
 def new generation   total 38080K, used 34891K [0xa7c00000, 0xaa550000, 0xaa550000)
  eden space 33856K, 100% used [0xa7c00000, 0xa9d10000, 0xa9d10000)
  from space 4224K,  24% used [0xa9d10000, 0xa9e12f90, 0xaa130000)
  to   space 4224K,   0% used [0xaa130000, 0xaa130000, 0xaa550000)
 tenured generation   total 84672K, used 74482K [0xaa550000, 0xaf800000, 0xaf800000)
   the space 84672K,  87% used [0xaa550000, 0xaee0c878, 0xaee0ca00, 0xaf800000)
 compacting perm gen  total 30976K, used 30847K [0xaf800000, 0xb1640000, 0xb3800000)
   the space 30976K,  99% used [0xaf800000, 0xb161ff70, 0xb1620000, 0xb1640000)
No shared spaces configured.
Event: 115712.372 GC heap after
Heap after GC invocations=812 (full 9):
 def new generation   total 38080K, used 990K [0xa7c00000, 0xaa550000, 0xaa550000)
  eden space 33856K,   0% used [0xa7c00000, 0xa7c00000, 0xa9d10000)
  from space 4224K,  23% used [0xaa130000, 0xaa2278e8, 0xaa550000)
  to   space 4224K,   0% used [0xa9d10000, 0xa9d10000, 0xaa130000)
 tenured generation   total 84672K, used 74483K [0xaa550000, 0xaf800000, 0xaf800000)
   the space 84672K,  87% used [0xaa550000, 0xaee0ccd8, 0xaee0ce00, 0xaf800000)
 compacting perm gen  total 30976K, used 30847K [0xaf800000, 0xb1640000, 0xb3800000)
   the space 30976K,  99% used [0xaf800000, 0xb161ff70, 0xb1620000, 0xb1640000)
No shared spaces configured.
}
Event: 116091.114 GC heap before
{Heap before GC invocations=812 (full 9):
 def new generation   total 38080K, used 34846K [0xa7c00000, 0xaa550000, 0xaa550000)
  eden space 33856K, 100% used [0xa7c00000, 0xa9d10000, 0xa9d10000)
  from space 4224K,  23% used [0xaa130000, 0xaa2278e8, 0xaa550000)
  to   space 4224K,   0% used [0xa9d10000, 0xa9d10000, 0xaa130000)
 tenured generation   total 84672K, used 74483K [0xaa550000, 0xaf800000, 0xaf800000)
   the space 84672K,  87% used [0xaa550000, 0xaee0ccd8, 0xaee0ce00, 0xaf800000)
 compacting perm gen  total 30976K, used 30847K [0xaf800000, 0xb1640000, 0xb3800000)
   the space 30976K,  99% used [0xaf800000, 0xb161ff70, 0xb1620000, 0xb1640000)
No shared spaces configured.
Event: 116091.120 GC heap after
Heap after GC invocations=813 (full 9):
 def new generation   total 38080K, used 1580K [0xa7c00000, 0xaa550000, 0xaa550000)
  eden space 33856K,   0% used [0xa7c00000, 0xa7c00000, 0xa9d10000)
  from space 4224K,  37% used [0xa9d10000, 0xa9e9b358, 0xaa130000)
  to   space 4224K,   0% used [0xaa130000, 0xaa130000, 0xaa550000)
 tenured generation   total 84672K, used 74485K [0xaa550000, 0xaf800000, 0xaf800000)
   the space 84672K,  87% used [0xaa550000, 0xaee0d5a8, 0xaee0d600, 0xaf800000)
 compacting perm gen  total 30976K, used 30847K [0xaf800000, 0xb1640000, 0xb3800000)
   the space 30976K,  99% used [0xaf800000, 0xb161ff70, 0xb1620000, 0xb1640000)
No shared spaces configured.
}
Event: 116497.233 GC heap before
{Heap before GC invocations=813 (full 9):
 def new generation   total 38080K, used 35436K [0xa7c00000, 0xaa550000, 0xaa550000)
  eden space 33856K, 100% used [0xa7c00000, 0xa9d10000, 0xa9d10000)
  from space 4224K,  37% used [0xa9d10000, 0xa9e9b358, 0xaa130000)
  to   space 4224K,   0% used [0xaa130000, 0xaa130000, 0xaa550000)
 tenured generation   total 84672K, used 74485K [0xaa550000, 0xaf800000, 0xaf800000)
   the space 84672K,  87% used [0xaa550000, 0xaee0d5a8, 0xaee0d600, 0xaf800000)
 compacting perm gen  total 30976K, used 30847K [0xaf800000, 0xb1640000, 0xb3800000)
   the space 30976K,  99% used [0xaf800000, 0xb161ff90, 0xb1620000, 0xb1640000)
No shared spaces configured.
Event: 116497.240 GC heap after
Heap after GC invocations=814 (full 9):
 def new generation   total 38080K, used 1897K [0xa7c00000, 0xaa550000, 0xaa550000)
  eden space 33856K,   0% used [0xa7c00000, 0xa7c00000, 0xa9d10000)
  from space 4224K,  44% used [0xaa130000, 0xaa30a7b0, 0xaa550000)
  to   space 4224K,   0% used [0xa9d10000, 0xa9d10000, 0xaa130000)
 tenured generation   total 84672K, used 74486K [0xaa550000, 0xaf800000, 0xaf800000)
   the space 84672K,  87% used [0xaa550000, 0xaee0d8f0, 0xaee0da00, 0xaf800000)
 compacting perm gen  total 30976K, used 30847K [0xaf800000, 0xb1640000, 0xb3800000)
   the space 30976K,  99% used [0xaf800000, 0xb161ff90, 0xb1620000, 0xb1640000)
No shared spaces configured.
}
Event: 116590.065 GC heap before
{Heap before GC invocations=814 (full 9):
 def new generation   total 38080K, used 35753K [0xa7c00000, 0xaa550000, 0xaa550000)
  eden space 33856K, 100% used [0xa7c00000, 0xa9d10000, 0xa9d10000)
  from space 4224K,  44% used [0xaa130000, 0xaa30a7b0, 0xaa550000)
  to   space 4224K,   0% used [0xa9d10000, 0xa9d10000, 0xaa130000)
 tenured generation   total 84672K, used 74486K [0xaa550000, 0xaf800000, 0xaf800000)
   the space 84672K,  87% used [0xaa550000, 0xaee0d8f0, 0xaee0da00, 0xaf800000)
 compacting perm gen  total 30976K, used 30847K [0xaf800000, 0xb1640000, 0xb3800000)
   the space 30976K,  99% used [0xaf800000, 0xb161ff90, 0xb1620000, 0xb1640000)
No shared spaces configured.
Event: 116590.072 GC heap after
Heap after GC invocations=815 (full 9):
 def new generation   total 38080K, used 1597K [0xa7c00000, 0xaa550000, 0xaa550000)
  eden space 33856K,   0% used [0xa7c00000, 0xa7c00000, 0xa9d10000)
  from space 4224K,  37% used [0xa9d10000, 0xa9e9f400, 0xaa130000)
  to   space 4224K,   0% used [0xaa130000, 0xaa130000, 0xaa550000)
 tenured generation   total 84672K, used 74496K [0xaa550000, 0xaf800000, 0xaf800000)
   the space 84672K,  87% used [0xaa550000, 0xaee10228, 0xaee10400, 0xaf800000)
 compacting perm gen  total 30976K, used 30847K [0xaf800000, 0xb1640000, 0xb3800000)
   the space 30976K,  99% used [0xaf800000, 0xb161ff90, 0xb1620000, 0xb1640000)
No shared spaces configured.
}
Event: 116623.369 GC heap before
{Heap before GC invocations=815 (full 9):
 def new generation   total 38080K, used 35453K [0xa7c00000, 0xaa550000, 0xaa550000)
  eden space 33856K, 100% used [0xa7c00000, 0xa9d10000, 0xa9d10000)
  from space 4224K,  37% used [0xa9d10000, 0xa9e9f400, 0xaa130000)
  to   space 4224K,   0% used [0xaa130000, 0xaa130000, 0xaa550000)
 tenured generation   total 84672K, used 74496K [0xaa550000, 0xaf800000, 0xaf800000)
   the space 84672K,  87% used [0xaa550000, 0xaee10228, 0xaee10400, 0xaf800000)
 compacting perm gen  total 30976K, used 30848K [0xaf800000, 0xb1640000, 0xb3800000)
   the space 30976K,  99% used [0xaf800000, 0xb16200d0, 0xb1620200, 0xb1640000)
No shared spaces configured.
Event: 116623.380 GC heap after
Heap after GC invocations=816 (full 9):
 def new generation   total 38080K, used 1932K [0xa7c00000, 0xaa550000, 0xaa550000)
  eden space 33856K,   0% used [0xa7c00000, 0xa7c00000, 0xa9d10000)
  from space 4224K,  45% used [0xaa130000, 0xaa3130a8, 0xaa550000)
  to   space 4224K,   0% used [0xa9d10000, 0xa9d10000, 0xaa130000)
 tenured generation   total 84672K, used 74524K [0xaa550000, 0xaf800000, 0xaf800000)
   the space 84672K,  88% used [0xaa550000, 0xaee17050, 0xaee17200, 0xaf800000)
 compacting perm gen  total 30976K, used 30848K [0xaf800000, 0xb1640000, 0xb3800000)
   the space 30976K,  99% used [0xaf800000, 0xb16200d0, 0xb1620200, 0xb1640000)
No shared spaces configured.
}

Deoptimization events (10 events):
Event: 91131.727 Thread 0xa689cc00 Uncommon trap -58 fr.pc 0xb3eb3e0c
Event: 91131.772 Thread 0xa689cc00 Uncommon trap -58 fr.pc 0xb3eb3e0c
Event: 91131.923 Thread 0xa689cc00 Uncommon trap -58 fr.pc 0xb3eb3e0c
Event: 91131.923 Thread 0xa689cc00 Uncommon trap -58 fr.pc 0xb3eb3e0c
Event: 91132.502 Thread 0xa689cc00 Uncommon trap -83 fr.pc 0xb3bba08c
Event: 91138.313 Thread 0xa689cc00 Uncommon trap -122 fr.pc 0xb3e4919c
Event: 92852.465 Thread 0xa6509400 Uncommon trap -12 fr.pc 0xb3ce3bbc
Event: 96068.252 Thread 0xa56b4800 Uncommon trap -34 fr.pc 0xb3ed27e8
Event: 101063.114 Thread 0xa56b4800 Uncommon trap -34 fr.pc 0xb3ed27e8
Event: 103061.380 Thread 0xa56f5000 Uncommon trap -83 fr.pc 0xb3f553f8

Internal exceptions (10 events):
Event: 116623.368 Thread 0xa5c4b400 Threw 0xa9d0d238 at /HUDSON/workspace/jdk7u10-2-build-linux-i586-product/jdk7u10/hotspot/src/share/vm/prims/jvm.cpp:1166
Event: 116623.368 Thread 0xa5c4b400 Threw 0xa9d0d638 at /HUDSON/workspace/jdk7u10-2-build-linux-i586-product/jdk7u10/hotspot/src/share/vm/prims/jvm.cpp:1166
Event: 116623.369 Thread 0xa5c4b400 Threw 0xa9d0ef28 at /HUDSON/workspace/jdk7u10-2-build-linux-i586-product/jdk7u10/hotspot/src/share/vm/prims/jvm.cpp:1166
Event: 116623.369 Thread 0xa5c4b400 Threw 0xa9d0f328 at /HUDSON/workspace/jdk7u10-2-build-linux-i586-product/jdk7u10/hotspot/src/share/vm/prims/jvm.cpp:1166
Event: 116623.383 Thread 0xa5c4b400 Threw 0xa7c00b70 at /HUDSON/workspace/jdk7u10-2-build-linux-i586-product/jdk7u10/hotspot/src/share/vm/prims/jvm.cpp:1166
Event: 116623.383 Thread 0xa5c4b400 Threw 0xa7c00f70 at /HUDSON/workspace/jdk7u10-2-build-linux-i586-product/jdk7u10/hotspot/src/share/vm/prims/jvm.cpp:1166
Event: 116623.409 Thread 0xa5c4b400 Threw 0xa7c81890 at /HUDSON/workspace/jdk7u10-2-build-linux-i586-product/jdk7u10/hotspot/src/share/vm/prims/jvm.cpp:1166
Event: 116623.409 Thread 0xa5c4b400 Threw 0xa7c81c90 at /HUDSON/workspace/jdk7u10-2-build-linux-i586-product/jdk7u10/hotspot/src/share/vm/prims/jvm.cpp:1166
Event: 116623.409 Thread 0xa5c4b400 Threw 0xa7c8cd78 at /HUDSON/workspace/jdk7u10-2-build-linux-i586-product/jdk7u10/hotspot/src/share/vm/prims/jvm.cpp:1166
Event: 116623.409 Thread 0xa5c4b400 Threw 0xa7c8d178 at /HUDSON/workspace/jdk7u10-2-build-linux-i586-product/jdk7u10/hotspot/src/share/vm/prims/jvm.cpp:1166

Events (10 events):
Event: 116623.258 Executing VM operation: RevokeBias
Event: 116623.258 Executing VM operation: RevokeBias done
Event: 116623.259 Executing VM operation: RevokeBias
Event: 116623.259 Executing VM operation: RevokeBias done
Event: 116623.259 Executing VM operation: RevokeBias
Event: 116623.259 Executing VM operation: RevokeBias done
Event: 116623.266 Executing VM operation: RevokeBias
Event: 116623.266 Executing VM operation: RevokeBias done
Event: 116623.369 Executing VM operation: GenCollectForAllocation
Event: 116623.382 Executing VM operation: GenCollectForAllocation done


Dynamic libraries:
08048000-08049000 r-xp 00000000 ca:01 753709     /usr/local/jdk1.7.0_10/bin/java
08049000-0804a000 rw-p 00000000 ca:01 753709     /usr/local/jdk1.7.0_10/bin/java
0859f000-09598000 rw-p 00000000 00:00 0          [heap]
a3f00000-a3fff000 rw-p 00000000 00:00 0 
a3fff000-a4000000 ---p 00000000 00:00 0 
a4100000-a41fe000 rw-p 00000000 00:00 0 
a41fe000-a4200000 ---p 00000000 00:00 0 
a4300000-a44fb000 rw-p 00000000 00:00 0 
a44fb000-a4500000 ---p 00000000 00:00 0 
a4500000-a4600000 rw-p 00000000 00:00 0 
a4607000-a460a000 ---p 00000000 00:00 0 
a460a000-a4658000 rw-p 00000000 00:00 0 
a4658000-a465b000 ---p 00000000 00:00 0 
a465b000-a46a9000 rw-p 00000000 00:00 0 
a46a9000-a46af000 r--s 00000000 ca:01 884914     /data/src/fpcms/fpcms/web-home/src/main/webapp/images/error.gif
a46af000-a46b2000 ---p 00000000 00:00 0 
a46b2000-a4700000 rw-p 00000000 00:00 0 
a4700000-a4800000 rw-p 00000000 00:00 0 
a4843000-a4844000 rw-p 00000000 00:00 0 
a4844000-a4847000 ---p 00000000 00:00 0 
a4847000-a4895000 rw-p 00000000 00:00 0 
a4895000-a4898000 r--s 00000000 ca:01 885457     /data/src/fpcms/fpcms/web-home/src/main/webapp/js/kindeditor/themes/default/default.png
a4898000-a4899000 r--s 00000000 ca:01 885179     /data/src/fpcms/fpcms/web-home/src/main/webapp/js/dhtmlXTree/imgs/minus5.gif
a4899000-a489a000 r--s 00000000 ca:01 885193     /data/src/fpcms/fpcms/web-home/src/main/webapp/js/dhtmlXTree/imgs/folderOpen.gif
a489a000-a489b000 r--s 00000000 ca:01 885169     /data/src/fpcms/fpcms/web-home/src/main/webapp/js/dhtmlXTree/imgs/plus5.gif
a489b000-a489c000 r--s 00000000 ca:01 885166     /data/src/fpcms/fpcms/web-home/src/main/webapp/js/dhtmlXTree/imgs/plus3.gif
a489c000-a489d000 r--s 00000000 ca:01 885164     /data/src/fpcms/fpcms/web-home/src/main/webapp/js/dhtmlXTree/imgs/folderClosed.gif
a489d000-a489e000 r--s 00000000 ca:01 885170     /data/src/fpcms/fpcms/web-home/src/main/webapp/js/dhtmlXTree/imgs/line2.gif
a489e000-a489f000 r--s 00000000 ca:01 885172     /data/src/fpcms/fpcms/web-home/src/main/webapp/js/dhtmlXTree/imgs/line3.gif
a489f000-a48a0000 r--s 00000000 ca:01 885199     /data/src/fpcms/fpcms/web-home/src/main/webapp/js/dhtmlXTree/imgs/leaf.gif
a48a0000-a48a1000 r--s 00000000 ca:01 885157     /data/src/fpcms/fpcms/web-home/src/main/webapp/js/dhtmlXTree/imgs/iconUncheckAll.gif
a48a1000-a48af000 r--s 00000000 ca:01 885226     /data/src/fpcms/fpcms/web-home/src/main/webapp/js/dhtmlXTree/dhtmlxtree.js
a48af000-a48b2000 ---p 00000000 00:00 0 
a48b2000-a4900000 rw-p 00000000 00:00 0 
a4900000-a49fa000 rw-p 00000000 00:00 0 
a49fa000-a4a00000 ---p 00000000 00:00 0 
a4a00000-a4b00000 rw-p 00000000 00:00 0 
a4b00000-a4d00000 rw-p 00000000 00:00 0 
a4d00000-a4f00000 rw-p 00000000 00:00 0 
a4f00000-a5100000 rw-p 00000000 00:00 0 
a5100000-a5300000 rw-p 00000000 00:00 0 
a5300000-a5500000 rw-p 00000000 00:00 0 
a5500000-a5600000 rw-p 00000000 00:00 0 
a5600000-a56fa000 rw-p 00000000 00:00 0 
a56fa000-a5700000 ---p 00000000 00:00 0 
a5700000-a5711000 r-xp 00000000 ca:01 2082006    /lib/i386-linux-gnu/libresolv-2.13.so
a5711000-a5712000 r--p 00010000 ca:01 2082006    /lib/i386-linux-gnu/libresolv-2.13.so
a5712000-a5713000 rw-p 00011000 ca:01 2082006    /lib/i386-linux-gnu/libresolv-2.13.so
a5713000-a5715000 rw-p 00000000 00:00 0 
a5715000-a5719000 r-xp 00000000 ca:01 2082010    /lib/i386-linux-gnu/libnss_dns-2.13.so
a5719000-a571a000 r--p 00004000 ca:01 2082010    /lib/i386-linux-gnu/libnss_dns-2.13.so
a571a000-a571b000 rw-p 00005000 ca:01 2082010    /lib/i386-linux-gnu/libnss_dns-2.13.so
a571b000-a5720000 r--s 00000000 ca:01 885224     /data/src/fpcms/fpcms/web-home/src/main/webapp/js/dhtmlXTree/dhtmlxcommon.js
a5720000-a5747000 r--s 00000000 ca:01 885506     /data/src/fpcms/fpcms/web-home/src/main/webapp/js/kindeditor/kindeditor.js
a5747000-a575e000 r--s 00000000 ca:01 885515     /data/src/fpcms/fpcms/web-home/src/main/webapp/js/jquery.js
a575e000-a5761000 ---p 00000000 00:00 0 
a5761000-a57af000 rw-p 00000000 00:00 0 
a57af000-a57b2000 ---p 00000000 00:00 0 
a57b2000-a5800000 rw-p 00000000 00:00 0 
a5800000-a5a00000 rw-p 00000000 00:00 0 
a5a00000-a5b00000 rw-p 00000000 00:00 0 
a5b00000-a5b02000 r--s 00000000 ca:01 885225     /data/src/fpcms/fpcms/web-home/src/main/webapp/js/dhtmlXTree/dhtmlxtree.css
a5b02000-a5b03000 r--s 00000000 ca:01 870047     /data/src/fpcms/fpcms/web-home/src/main/webapp/styles/images/icon_flash_success.gif
a5b03000-a5b04000 r--s 00000000 ca:01 884975     /data/src/fpcms/fpcms/web-home/src/main/webapp/widgets/simpletable/images/lastPageDisabled.gif
a5b04000-a5b05000 r--s 00000000 ca:01 884972     /data/src/fpcms/fpcms/web-home/src/main/webapp/widgets/simpletable/images/nextPageDisabled.gif
a5b05000-a5b06000 r--s 00000000 ca:01 884971     /data/src/fpcms/fpcms/web-home/src/main/webapp/widgets/simpletable/images/prevPageDisabled.gif
a5b06000-a5b07000 r--s 00000000 ca:01 884968     /data/src/fpcms/fpcms/web-home/src/main/webapp/widgets/simpletable/images/firstPageDisabled.gif
a5b07000-a5b08000 r--s 00000000 ca:01 884980     /data/src/fpcms/fpcms/web-home/src/main/webapp/widgets/simpletable/simpletable.js
a5b08000-a5b09000 r--s 00000000 ca:01 884979     /data/src/fpcms/fpcms/web-home/src/main/webapp/widgets/simpletable/simpletable.css
a5b09000-a5b0a000 r--s 00000000 ca:01 885514     /data/src/fpcms/fpcms/web-home/src/main/webapp/js/rest.js
a5b0a000-a5b0b000 r--s 00000000 ca:01 870028     /data/src/fpcms/fpcms/web-home/src/main/webapp/styles/images/left/arrowstop.gif
a5b0b000-a5b0c000 r--s 00000000 ca:01 870112     /data/src/fpcms/fpcms/web-home/src/main/webapp/styles/left.css
a5b0c000-a5b0d000 r--s 00000000 ca:01 870114     /data/src/fpcms/fpcms/web-home/src/main/webapp/styles/layout.css
a5b0d000-a5b10000 ---p 00000000 00:00 0 
a5b10000-a5b5e000 rw-p 00000000 00:00 0 
a5b5e000-a5b61000 ---p 00000000 00:00 0 
a5b61000-a5baf000 rw-p 00000000 00:00 0 
a5baf000-a5bb2000 ---p 00000000 00:00 0 
a5bb2000-a5c00000 rw-p 00000000 00:00 0 
a5c00000-a5cfa000 rw-p 00000000 00:00 0 
a5cfa000-a5d00000 ---p 00000000 00:00 0 
a5d00000-a5dff000 rw-p 00000000 00:00 0 
a5dff000-a5e00000 ---p 00000000 00:00 0 
a5e00000-a5ef3000 rw-p 00000000 00:00 0 
a5ef3000-a5f00000 ---p 00000000 00:00 0 
a5f00000-a5ff9000 rw-p 00000000 00:00 0 
a5ff9000-a6000000 ---p 00000000 00:00 0 
a6000000-a60fb000 rw-p 00000000 00:00 0 
a60fb000-a6100000 ---p 00000000 00:00 0 
a6100000-a6200000 rw-p 00000000 00:00 0 
a6200000-a6201000 r--s 00000000 ca:01 870244     /data/src/fpcms/fpcms/web-home/src/main/webapp/robots.txt
a6201000-a6202000 r--s 00000000 ca:01 885289     /data/src/fpcms/fpcms/web-home/src/main/webapp/js/My97DatePicker/skin/default/img.gif
a6202000-a6204000 r--s 00000000 ca:01 885308     /data/src/fpcms/fpcms/web-home/src/main/webapp/js/My97DatePicker/skin/whyGreen/datepicker.css
a6204000-a6206000 r--s 00000000 ca:01 885290     /data/src/fpcms/fpcms/web-home/src/main/webapp/js/My97DatePicker/skin/default/datepicker.css
a6206000-a6207000 r--s 00000000 ca:01 885257     /data/src/fpcms/fpcms/web-home/src/main/webapp/js/My97DatePicker/lang/zh-cn.js
a6207000-a620d000 r--s 00000000 ca:01 885315     /data/src/fpcms/fpcms/web-home/src/main/webapp/js/My97DatePicker/calendar.js
a620d000-a6210000 ---p 00000000 00:00 0 
a6210000-a625e000 rw-p 00000000 00:00 0 
a625e000-a6261000 ---p 00000000 00:00 0 
a6261000-a62af000 rw-p 00000000 00:00 0 
a62af000-a62b2000 ---p 00000000 00:00 0 
a62b2000-a6300000 rw-p 00000000 00:00 0 
a6300000-a63fe000 rw-p 00000000 00:00 0 
a63fe000-a6400000 ---p 00000000 00:00 0 
a6400000-a6401000 r--s 00000000 ca:01 885314     /data/src/fpcms/fpcms/web-home/src/main/webapp/js/My97DatePicker/config.js
a6401000-a6402000 r--s 00000000 ca:01 885316     /data/src/fpcms/fpcms/web-home/src/main/webapp/js/My97DatePicker/My97DatePicker.htm
a6402000-a6403000 r--s 00000000 ca:01 885312     /data/src/fpcms/fpcms/web-home/src/main/webapp/js/My97DatePicker/skin/WdatePicker.css
a6403000-a6407000 r--s 00000000 ca:01 885380     /data/src/fpcms/fpcms/web-home/src/main/webapp/js/kindeditor/plugins/code/prettify.js
a6407000-a640a000 r--s 00000000 ca:01 885352     /data/src/fpcms/fpcms/web-home/src/main/webapp/js/kindeditor/lang/zh_CN.js
a640a000-a640b000 r--s 00000000 ca:01 885382     /data/src/fpcms/fpcms/web-home/src/main/webapp/js/kindeditor/plugins/code/prettify.css
a640b000-a6411000 r--s 00000000 ca:01 885458     /data/src/fpcms/fpcms/web-home/src/main/webapp/js/kindeditor/themes/default/default.css
a6411000-a6413000 r--s 00000000 ca:01 885317     /data/src/fpcms/fpcms/web-home/src/main/webapp/js/My97DatePicker/WdatePicker.js
a6413000-a6414000 r--s 00000000 ca:01 870115     /data/src/fpcms/fpcms/web-home/src/main/webapp/styles/global.css
a6414000-a6415000 r--s 00000000 ca:01 870246     /data/src/fpcms/fpcms/web-home/src/main/webapp/favicon.ico
a6415000-a6418000 r--s 00000000 ca:01 884907     /data/src/fpcms/fpcms/web-home/src/main/webapp/images/qq.png
a6418000-a641b000 r--s 00000000 ca:01 884911     /data/src/fpcms/fpcms/web-home/src/main/webapp/images/online_chat.gif
a641b000-a641d000 r--s 00000000 ca:01 870046     /data/src/fpcms/fpcms/web-home/src/main/webapp/styles/images/kaipiao/kaipiao.gif
a641d000-a6420000 r--s 00000000 ca:01 884912     /data/src/fpcms/fpcms/web-home/src/main/webapp/images/kefu.jpg
a6420000-a6421000 r--s 00000000 ca:01 884900     /data/src/fpcms/fpcms/web-home/src/main/webapp/images/faipiao/1335531542.jpg
a6421000-a6422000 r--s 00000000 ca:01 884895     /data/src/fpcms/fpcms/web-home/src/main/webapp/images/faipiao/1335531855.jpg
a6422000-a6423000 r--s 00000000 ca:01 884896     /data/src/fpcms/fpcms/web-home/src/main/webapp/images/faipiao/1335531865.jpg
a6423000-a6424000 r--s 00000000 ca:01 885511     /data/src/fpcms/fpcms/web-home/src/main/webapp/js/jquery.cookie.js
a6424000-a6425000 r--s 00000000 ca:01 885512     /data/src/fpcms/fpcms/web-home/src/main/webapp/js/topad.js
a6425000-a642d000 r--s 00000000 ca:01 884909     /data/src/fpcms/fpcms/web-home/src/main/webapp/images/banner_03.jpg
a642d000-a6430000 r--s 00000000 ca:01 884913     /data/src/fpcms/fpcms/web-home/src/main/webapp/images/logo_left.jpg
a6430000-a6435000 r--s 00000000 ca:01 870113     /data/src/fpcms/fpcms/web-home/src/main/webapp/styles/kaipiao.css
a6435000-a643f000 r--s 00371000 ca:01 753749     /usr/local/jdk1.7.0_10/jre/lib/charsets.jar
a643f000-a6446000 r-xp 00000000 ca:01 770572     /usr/local/jdk1.7.0_10/jre/lib/i386/libmanagement.so
a6446000-a6447000 rw-p 00006000 ca:01 770572     /usr/local/jdk1.7.0_10/jre/lib/i386/libmanagement.so
a6447000-a6448000 r--s 00000000 ca:01 884899     /data/src/fpcms/fpcms/web-home/src/main/webapp/images/faipiao/1335531700.jpg
a6448000-a644b000 r--s 000f7000 ca:01 770532     /usr/local/jdk1.7.0_10/jre/lib/ext/localedata.jar
a644b000-a6455000 r--s 00371000 ca:01 753749     /usr/local/jdk1.7.0_10/jre/lib/charsets.jar
a6455000-a6458000 ---p 00000000 00:00 0 
a6458000-a64a6000 rw-p 00000000 00:00 0 
a64a6000-a64a9000 ---p 00000000 00:00 0 
a64a9000-a64f7000 rw-p 00000000 00:00 0 
a64f7000-a6500000 r--s 00058000 ca:01 2212253    /root/.m2/repository/taglibs/standard/1.1.2/standard-1.1.2.jar
a6500000-a65ff000 rw-p 00000000 00:00 0 
a65ff000-a6600000 ---p 00000000 00:00 0 
a6600000-a6601000 r--s 00000000 ca:01 885513     /data/src/fpcms/fpcms/web-home/src/main/webapp/js/tmpl.js
a6601000-a6602000 r--s 00000000 ca:01 885517     /data/src/fpcms/fpcms/web-home/src/main/webapp/js/application.js
a6602000-a660c000 r--s 0005c000 ca:01 2212252    /root/.m2/repository/javax/servlet/jstl/1.2/jstl-1.2.jar
a660c000-a661a000 r--s 0007f000 ca:01 2196383    /root/.m2/repository/commons-collections/commons-collections/3.2.1/commons-collections-3.2.1.jar
a661a000-a661c000 r--s 00005000 ca:01 2196412    /root/.m2/repository/org/slf4j/slf4j-api/1.6.1/slf4j-api-1.6.1.jar
a661c000-a661d000 r--s 00004000 ca:01 2196461    /root/.m2/repository/org/codehaus/jackson/jackson-jaxrs/1.9.2/jackson-jaxrs-1.9.2.jar
a661d000-a662b000 r--s 000ad000 ca:01 2196458    /root/.m2/repository/org/codehaus/jackson/jackson-mapper-asl/1.9.2/jackson-mapper-asl-1.9.2.jar
a662b000-a662f000 r--s 00034000 ca:01 2196456    /root/.m2/repository/org/codehaus/jackson/jackson-core-asl/1.9.2/jackson-core-asl-1.9.2.jar
a662f000-a6631000 r--s 0000d000 ca:01 2196386    /root/.m2/repository/commons-codec/commons-codec/1.4/commons-codec-1.4.jar
a6631000-a6633000 r--s 0000d000 ca:01 2196390    /root/.m2/repository/commons-logging/commons-logging/1.1.1/commons-logging-1.1.1.jar
a6633000-a6639000 r--s 00045000 ca:01 2196401    /root/.m2/repository/commons-httpclient/commons-httpclient/3.1/commons-httpclient-3.1.jar
a6639000-a663c000 r--s 00025000 ca:01 2196387    /root/.m2/repository/commons-io/commons-io/2.1/commons-io-2.1.jar
a663c000-a6641000 r--s 00041000 ca:01 2196391    /root/.m2/repository/commons-lang/commons-lang/2.6/commons-lang-2.6.jar
a6641000-a664b000 r--s 00057000 ca:01 2196366    /root/.m2/repository/org/springframework/spring-web/3.0.5.RELEASE/spring-web-3.0.5.RELEASE.jar
a664b000-a664f000 r--s 00026000 ca:01 2196355    /root/.m2/repository/org/springframework/spring-expression/3.0.5.RELEASE/spring-expression-3.0.5.RELEASE.jar
a664f000-a6658000 r--s 00055000 ca:01 2196344    /root/.m2/repository/org/springframework/spring-core/3.0.5.RELEASE/spring-core-3.0.5.RELEASE.jar
a6658000-a665b000 r--s 00016000 ca:01 2196352    /root/.m2/repository/org/springframework/spring-context-support/3.0.5.RELEASE/spring-context-support-3.0.5.RELEASE.jar
a665b000-a666d000 r--s 00092000 ca:01 2196346    /root/.m2/repository/org/springframework/spring-context/3.0.5.RELEASE/spring-context-3.0.5.RELEASE.jar
a666d000-a6679000 r--s 0007c000 ca:01 2196345    /root/.m2/repository/org/springframework/spring-beans/3.0.5.RELEASE/spring-beans-3.0.5.RELEASE.jar
a6679000-a667a000 r--s 0000c000 ca:01 2196349    /root/.m2/repository/org/springframework/spring-asm/3.0.5.RELEASE/spring-asm-3.0.5.RELEASE.jar
a667a000-a6683000 r--s 0005e000 ca:01 2196372    /root/.m2/repository/org/springframework/spring-webmvc/3.0.5.RELEASE/spring-webmvc-3.0.5.RELEASE.jar
a6683000-a6685000 r--s 0000a000 ca:01 2196651    /root/.m2/repository/com/duowan/common/duowan-common-rpc/1.0.9/duowan-common-rpc-1.0.9.jar
a6685000-a6686000 r--s 00001000 ca:01 2212461    /root/.m2/repository/com/fpcms/fpcms-scheduler/1.0-SNAPSHOT/fpcms-scheduler-1.0-SNAPSHOT.jar
a6686000-a6691000 r--s 0008a000 ca:01 2212226    /root/.m2/repository/c3p0/c3p0/0.9.1/c3p0-0.9.1.jar
a6691000-a6694000 r--s 0001b000 ca:01 2196506    /root/.m2/repository/org/apache/shiro/shiro-web/1.1.0/shiro-web-1.1.0.jar
a6694000-a6696000 r--s 00005000 ca:01 2196508    /root/.m2/repository/org/apache/shiro/shiro-spring/1.1.0/shiro-spring-1.1.0.jar
a6696000-a669e000 r--s 00046000 ca:01 2196504    /root/.m2/repository/org/apache/shiro/shiro-core/1.1.0/shiro-core-1.1.0.jar
a669e000-a66a5000 r--s 000ba000 ca:01 2196500    /root/.m2/repository/mysql/mysql-connector-java/5.1.18/mysql-connector-java-5.1.18.jar
a66a5000-a66ac000 r--s 00040000 ca:01 2196454    /root/.m2/repository/org/hibernate/hibernate-validator/4.1.0.Final/hibernate-validator-4.1.0.Final.jar
a66ac000-a66af000 r--s 00009000 ca:01 2196452    /root/.m2/repository/javax/validation/validation-api/1.0.0.GA/validation-api-1.0.0.GA.jar
a66af000-a66b1000 r--s 0000e000 ca:01 2196450    /root/.m2/repository/oro/oro/2.0.8/oro-2.0.8.jar
a66b1000-a66b9000 r--s 0005f000 ca:01 2196447    /root/.m2/repository/org/apache/velocity/velocity/1.6.3/velocity-1.6.3.jar
a66b9000-a66c9000 r--s 000c8000 ca:01 2196448    /root/.m2/repository/org/freemarker/freemarker/2.3.16/freemarker-2.3.16.jar
a66c9000-a66e1000 r--s 00115000 ca:01 2196442    /root/.m2/repository/xerces/xercesImpl/2.9.1/xercesImpl-2.9.1.jar
a66e1000-a6706000 r--s 002dc000 ca:01 2196443    /root/.m2/repository/xalan/xalan/2.6.0/xalan-2.6.0.jar
a6706000-a670c000 r--s 00019000 ca:01 2196438    /root/.m2/repository/xerces/xmlParserAPIs/2.6.2/xmlParserAPIs-2.6.2.jar
a670c000-a670f000 r--s 00018000 ca:01 2196444    /root/.m2/repository/xom/xom/1.0/xom-1.0.jar
a670f000-a6712000 r--s 00023000 ca:01 2196434    /root/.m2/repository/jdom/jdom/1.0/jdom-1.0.jar
a6712000-a6718000 r--s 00032000 ca:01 2196433    /root/.m2/repository/jaxen/jaxen/1.1.1/jaxen-1.1.1.jar
a6718000-a671d000 r--s 00016000 ca:01 2196430    /root/.m2/repository/xml-apis/xml-apis/1.0.b2/xml-apis-1.0.b2.jar
a671d000-a6722000 r--s 00048000 ca:01 2196426    /root/.m2/repository/dom4j/dom4j/1.6.1/dom4j-1.6.1.jar
a6722000-a6724000 r--s 00004000 ca:01 2196424    /root/.m2/repository/javax/xml/stream/stax-api/1.0-2/stax-api-1.0-2.jar
a6724000-a6727000 r--s 00017000 ca:01 2196428    /root/.m2/repository/javax/xml/bind/jaxb-api/2.2.1/jaxb-api-2.2.1.jar
a6727000-a673a000 r--s 000c4000 ca:01 2196427    /root/.m2/repository/com/sun/xml/bind/jaxb-impl/2.2.1/jaxb-impl-2.2.1.jar
a673a000-a673c000 r--s 0000f000 ca:01 2196420    /root/.m2/repository/javax/activation/activation/1.1.1/activation-1.1.1.jar
a673c000-a6743000 r--s 0006a000 ca:01 2196418    /root/.m2/repository/javax/mail/mail/1.4.3/mail-1.4.3.jar
a6743000-a6745000 r--s 00010000 ca:01 2196742    /root/.m2/repository/net/sf/log4jdbc/log4jdbc4/1.2.1/log4jdbc4-1.2.1.jar
a6745000-a674e000 r--s 0006d000 ca:01 2196419    /root/.m2/repository/log4j/log4j/1.2.16/log4j-1.2.16.jar
a674e000-a674f000 r--s 00002000 ca:01 2196415    /root/.m2/repository/org/slf4j/slf4j-log4j12/1.6.1/slf4j-log4j12-1.6.1.jar
a674f000-a6767000 r--s 00100000 ca:01 2196403    /root/.m2/repository/com/google/guava/guava/r09/guava-r09.jar
a6767000-a676a000 r--s 00022000 ca:01 2196399    /root/.m2/repository/commons-dbcp/commons-dbcp/1.3/commons-dbcp-1.3.jar
a676a000-a676d000 r--s 00015000 ca:01 2196398    /root/.m2/repository/commons-pool/commons-pool/1.5.4/commons-pool-1.5.4.jar
a676d000-a6771000 r--s 00021000 ca:01 2196405    /root/.m2/repository/commons-digester/commons-digester/2.0/commons-digester-2.0.jar
a6771000-a6775000 r--s 0002f000 ca:01 2196394    /root/.m2/repository/commons-beanutils/commons-beanutils-core/1.8.0/commons-beanutils-core-1.8.0.jar
a6775000-a677b000 r--s 00043000 ca:01 2196392    /root/.m2/repository/commons-configuration/commons-configuration/1.6/commons-configuration-1.6.jar
a677b000-a6780000 r--s 00034000 ca:01 2196380    /root/.m2/repository/commons-beanutils/commons-beanutils/1.8.3/commons-beanutils-1.8.3.jar
a6780000-a6786000 r--s 00049000 ca:01 2196378    /root/.m2/repository/cglib/cglib-nodep/2.2/cglib-nodep-2.2.jar
a6786000-a679c000 r--s 00178000 ca:01 2196377    /root/.m2/repository/org/aspectj/aspectjweaver/1.6.8/aspectjweaver-1.6.8.jar
a679c000-a679e000 r--s 00000000 ca:01 2196374    /root/.m2/repository/aopalliance/aopalliance/1.0/aopalliance-1.0.jar
a679e000-a67a0000 r--s 0000d000 ca:01 2196364    /root/.m2/repository/org/springframework/spring-oxm/3.0.5.RELEASE/spring-oxm-3.0.5.RELEASE.jar
a67a0000-a67a8000 r--s 0004a000 ca:01 2196370    /root/.m2/repository/org/springframework/spring-orm/3.0.5.RELEASE/spring-orm-3.0.5.RELEASE.jar
a67a8000-a67ad000 r--s 00029000 ca:01 2196369    /root/.m2/repository/org/springframework/spring-jms/3.0.5.RELEASE/spring-jms-3.0.5.RELEASE.jar
a67ad000-a67b4000 r--s 00032000 ca:01 2196360    /root/.m2/repository/org/springframework/spring-tx/3.0.5.RELEASE/spring-tx-3.0.5.RELEASE.jar
a67b4000-a67be000 r--s 00055000 ca:01 2196357    /root/.m2/repository/org/springframework/spring-jdbc/3.0.5.RELEASE/spring-jdbc-3.0.5.RELEASE.jar
a67be000-a67bf000 r--s 00000000 ca:01 2196359    /root/.m2/repository/org/springframework/spring-instrument/3.0.5.RELEASE/spring-instrument-3.0.5.RELEASE.jar
a67bf000-a67c1000 r--s 00007000 ca:01 2196351    /root/.m2/repository/org/springframework/spring-aspects/3.0.5.RELEASE/spring-aspects-3.0.5.RELEASE.jar
a67c1000-a67ca000 r--s 00046000 ca:01 2196347    /root/.m2/repository/org/springframework/spring-aop/3.0.5.RELEASE/spring-aop-3.0.5.RELEASE.jar
a67ca000-a67cd000 r--s 00014000 ca:01 2196928    /root/.m2/repository/de/l3s/boilerpipe/boilerpipe/1.1.0/boilerpipe-1.1.0.jar
a67cd000-a67d0000 r--s 00014000 ca:01 2196923    /root/.m2/repository/com/drewnoakes/metadata-extractor/2.4.0-beta-1/metadata-extractor-2.4.0-beta-1.jar
a67d0000-a67d5000 r--s 00032000 ca:01 2196918    /root/.m2/repository/org/apache/commons/commons-compress/1.3/commons-compress-1.3.jar
a67d5000-a67dc000 r--s 00062000 ca:01 2196916    /root/.m2/repository/org/apache/tika/tika-core/1.0/tika-core-1.0.jar
a67dc000-a67e4000 r--s 00060000 ca:01 2196906    /root/.m2/repository/org/apache/tika/tika-parsers/1.0/tika-parsers-1.0.jar
a67e4000-a6800000 r--s 001ed000 ca:01 2196908    /root/.m2/repository/com/sleepycat/je/4.0.92/je-4.0.92.jar
a6800000-a6900000 rw-p 00000000 00:00 0 
a6900000-a69fb000 rw-p 00000000 00:00 0 
a69fb000-a6a00000 ---p 00000000 00:00 0 
a6a00000-a6a01000 r--s 0000a000 ca:01 2196920    /root/.m2/repository/asm/asm/3.1/asm-3.1.jar
a6a01000-a6a03000 r--s 00015000 ca:01 2196919    /root/.m2/repository/org/ccil/cowan/tagsoup/tagsoup/1.2.1/tagsoup-1.2.1.jar
a6a03000-a6a0a000 r--s 00043000 ca:01 2196913    /root/.m2/repository/org/apache/james/apache-mime4j-dom/0.7/apache-mime4j-dom-0.7.jar
a6a0a000-a6a0d000 r--s 00015000 ca:01 2196911    /root/.m2/repository/org/apache/james/apache-mime4j-core/0.7/apache-mime4j-core-0.7.jar
a6a0d000-a6a12000 r--s 00028000 ca:01 2196905    /root/.m2/repository/org/apache/httpcomponents/httpcore/4.1.4/httpcore-4.1.4.jar
a6a12000-a6a1a000 r--s 0004e000 ca:01 2196904    /root/.m2/repository/org/apache/httpcomponents/httpclient/4.1.2/httpclient-4.1.2.jar
a6a1a000-a6a1d000 r--s 00016000 ca:01 2196907    /root/.m2/repository/edu/uci/ics/crawler4j/3.4/crawler4j-3.4.jar
a6a1d000-a6a1f000 r--s 0011b000 ca:01 2196764    /root/.m2/repository/com/google/IKAnalyzer/IKAnalyzer/2012_u6/IKAnalyzer-2012_u6.jar
a6a1f000-a6a23000 r--s 0002b000 ca:01 2196756    /root/.m2/repository/net/sf/pinyin4j/pinyin4j/2.5.0/pinyin4j-2.5.0.jar
a6a23000-a6a26000 ---p 00000000 00:00 0 
a6a26000-a6a74000 rw-p 00000000 00:00 0 
a6a74000-a6a7e000 r--s 00254000 ca:01 753726     /usr/local/jdk1.7.0_10/jre/lib/resources.jar
a6a7e000-a6a80000 r--s 00003000 ca:01 2212642    /root/.m2/repository/org/mortbay/jetty/start/6.1.24/start-6.1.24.jar
a6a80000-a6a81000 r--s 00002000 ca:01 2212636    /root/.m2/repository/org/apache/geronimo/specs/geronimo-annotation_1.0_spec/1.0/geronimo-annotation_1.0_spec-1.0.jar
a6a81000-a6a83000 r--s 00002000 ca:01 2212639    /root/.m2/repository/org/mortbay/jetty/jetty-annotations/6.1.24/jetty-annotations-6.1.24.jar
a6a83000-a6a92000 r--s 000ee000 ca:01 2196478    /root/.m2/repository/ant/ant/1.6.5/ant-1.6.5.jar
a6a92000-a6aa0000 r--s 0018b000 ca:01 2196474    /root/.m2/repository/org/eclipse/jdt/core/compiler/ecj/3.5.1/ecj-3.5.1.jar
a6aa0000-a6ab1000 r--s 000ea000 ca:01 2196476    /root/.m2/repository/org/mortbay/jetty/jsp-2.1-glassfish/2.1.v20091210/jsp-2.1-glassfish-2.1.v20091210.jar
a6ab1000-a6ab5000 r--s 0001e000 ca:01 2196477    /root/.m2/repository/org/mortbay/jetty/jsp-api-2.1-glassfish/2.1.v20091210/jsp-api-2.1-glassfish-2.1.v20091210.jar
a6ab5000-a6ad8000 r--s 00344000 ca:01 2196472    /root/.m2/repository/org/eclipse/jdt/core/3.1.1/core-3.1.1.jar
a6ad8000-a6ada000 r--s 00000000 ca:01 2196471    /root/.m2/repository/org/mortbay/jetty/jsp-2.1-jetty/6.1.24/jsp-2.1-jetty-6.1.24.jar
a6ada000-a6adc000 r--s 00007000 ca:01 2212634    /root/.m2/repository/org/mortbay/jetty/jetty-management/6.1.24/jetty-management-6.1.24.jar
a6adc000-a6ade000 r--s 0000e000 ca:01 2212632    /root/.m2/repository/javax/activation/activation/1.1/activation-1.1.jar
a6ade000-a6ae4000 r--s 00059000 ca:01 2212628    /root/.m2/repository/javax/mail/mail/1.4/mail-1.4.jar
a6ae4000-a6ae5000 r--s 00006000 ca:01 2212630    /root/.m2/repository/org/mortbay/jetty/jetty-naming/6.1.24/jetty-naming-6.1.24.jar
a6ae5000-a6ae7000 r--s 00002000 ca:01 2212624    /root/.m2/repository/geronimo-spec/geronimo-spec-jta/1.0.1B-rc4/geronimo-spec-jta-1.0.1B-rc4.jar
a6ae7000-a6ae9000 r--s 0000d000 ca:01 2212631    /root/.m2/repository/org/mortbay/jetty/jetty-plus/6.1.24/jetty-plus-6.1.24.jar
a6ae9000-a6aeb000 r--s 00004000 ca:01 2212623    /root/.m2/repository/org/apache/maven/maven-plugin-tools-api/2.0/maven-plugin-tools-api-2.0.jar
a6aeb000-a6aee000 r--s 0001b000 ca:01 2212622    /root/.m2/repository/junit/junit/3.8.2/junit-3.8.2.jar
a6aee000-a6af1000 r--s 00027000 ca:01 2212621    /root/.m2/repository/org/codehaus/plexus/plexus-utils/1.1/plexus-utils-1.1.jar
a6af1000-a6af3000 r--s 0001f000 ca:01 2196466    /root/.m2/repository/org/mortbay/jetty/servlet-api/2.5-20081211/servlet-api-2.5-20081211.jar
a6af3000-a6af7000 r--s 00028000 ca:01 2196463    /root/.m2/repository/org/mortbay/jetty/jetty-util/6.1.24/jetty-util-6.1.24.jar
a6af7000-a6afe000 r--s 0007d000 ca:01 2196464    /root/.m2/repository/org/mortbay/jetty/jetty/6.1.24/jetty-6.1.24.jar
a6afe000-a6b00000 r--s 0000a000 ca:01 2212407    /root/.m2/repository/org/mortbay/jetty/maven-jetty-plugin/6.1.24/maven-jetty-plugin-6.1.24.jar
a6b00000-a6d00000 rw-p 00000000 00:00 0 
a6d00000-a6dff000 rw-p 00000000 00:00 0 
a6dff000-a6e00000 ---p 00000000 00:00 0 
a6e00000-a6e02000 r--s 00006000 ca:01 2212654    /root/.m2/repository/org/apache/geronimo/specs/geronimo-stax-api_1.0_spec/1.0.1/geronimo-stax-api_1.0_spec-1.0.1.jar
a6e02000-a6e04000 r--s 00006000 ca:01 2196690    /root/.m2/repository/com/duowan/common/duowan-common-mvc/1.1.2/duowan-common-mvc-1.1.2.jar
a6e04000-a6e05000 r--s 00004000 ca:01 2196715    /root/.m2/repository/com/duowan/common/duowan-common-test/1.0/duowan-common-test-1.0.jar
a6e05000-a6e06000 r--s 00007000 ca:01 2196673    /root/.m2/repository/com/duowan/common/duowan-common-jdbc/1.0.2/duowan-common-jdbc-1.0.2.jar
a6e06000-a6e07000 r--s 00008000 ca:01 2196725    /root/.m2/repository/com/duowan/common/duowan-common-web/1.0.2/duowan-common-web-1.0.2.jar
a6e07000-a6e0a000 r--s 00017000 ca:01 2196704    /root/.m2/repository/com/duowan/common/duowan-common-util/1.0.9/duowan-common-util-1.0.9.jar
a6e0a000-a6e0d000 r--s 0001a000 ca:01 2212437    /root/.m2/repository/com/fpcms/fpcms-util/1.0-SNAPSHOT/fpcms-util-1.0-SNAPSHOT.jar
a6e0d000-a6e0f000 r--s 0000d000 ca:01 2212445    /root/.m2/repository/com/fpcms/fpcms-dao/1.0-SNAPSHOT/fpcms-dao-1.0-SNAPSHOT.jar
a6e0f000-a6e11000 r--s 00006000 ca:01 2212453    /root/.m2/repository/com/fpcms/fpcms-service/1.0-SNAPSHOT/fpcms-service-1.0-SNAPSHOT.jar
a6e11000-a6e14000 ---p 00000000 00:00 0 
a6e14000-a6e62000 rw-p 00000000 00:00 0 
a6e62000-a6e63000 r--s 00002000 ca:01 2212033    /root/.m2/repository/org/codehaus/plexus/plexus-compiler-javac/1.8/plexus-compiler-javac-1.8.jar
a6e63000-a6e65000 r--s 00000000 ca:01 2212035    /root/.m2/repository/org/codehaus/plexus/plexus-compiler-manager/1.8/plexus-compiler-manager-1.8.jar
a6e65000-a6e66000 r--s 00004000 ca:01 2212034    /root/.m2/repository/org/codehaus/plexus/plexus-compiler-api/1.8/plexus-compiler-api-1.8.jar
a6e66000-a6e6a000 r--s 00030000 ca:01 2196746    /root/.m2/repository/org/codehaus/plexus/plexus-utils/1.5.1/plexus-utils-1.5.1.jar
a6e6a000-a6e6c000 r--s 00006000 ca:01 2195706    /root/.m2/repository/org/apache/maven/plugins/maven-compiler-plugin/2.3/maven-compiler-plugin-2.3.jar
a6e6c000-a6e6e000 r--s 0000d000 ca:01 2195670    /root/.m2/repository/org/codehaus/plexus/plexus-interpolation/1.13/plexus-interpolation-1.13.jar
a6e6e000-a6e6f000 r--s 00001000 ca:01 2211980    /root/.m2/repository/org/sonatype/plexus/plexus-build-api/0.0.4/plexus-build-api-0.0.4.jar
a6e6f000-a6e71000 r--s 00007000 ca:01 2211985    /root/.m2/repository/org/apache/maven/shared/maven-filtering/1.0-beta-4/maven-filtering-1.0-beta-4.jar
a6e71000-a6e75000 r--s 00033000 ca:01 2195676    /root/.m2/repository/org/codehaus/plexus/plexus-utils/2.0.5/plexus-utils-2.0.5.jar
a6e75000-a6e78000 r--s 0001b000 ca:01 2195680    /root/.m2/repository/junit/junit/3.8.1/junit-3.8.1.jar
a6e78000-a6e7a000 r--s 00002000 ca:01 2211981    /root/.m2/repository/org/codehaus/plexus/plexus-interactivity-api/1.0-alpha-4/plexus-interactivity-api-1.0-alpha-4.jar
a6e7a000-a6e7c000 r--s 00006000 ca:01 2211978    /root/.m2/repository/commons-cli/commons-cli/1.0/commons-cli-1.0.jar
a6e7c000-a6e7d000 r--s 00001000 ca:01 2211976    /root/.m2/repository/org/apache/maven/doxia/doxia-sink-api/1.0-alpha-7/doxia-sink-api-1.0-alpha-7.jar
a6e7d000-a6e7e000 r--s 00002000 ca:01 2211975    /root/.m2/repository/org/apache/maven/reporting/maven-reporting-api/2.0.6/maven-reporting-api-2.0.6.jar
a6e7e000-a6e7f000 r--s 00005000 ca:01 2195687    /root/.m2/repository/org/apache/maven/plugins/maven-resources-plugin/2.4.3/maven-resources-plugin-2.4.3.jar
a6e7f000-a6e82000 ---p 00000000 00:00 0 
a6e82000-a6e90000 rw-p 00000000 00:00 0 
a6e90000-a6e94000 r--s 00089000 ca:01 753734     /usr/local/jdk1.7.0_10/jre/lib/jsse.jar
a6e94000-a6e96000 r--s 0000c000 ca:01 787452     /usr/local/apache-maven-3.0.4/lib/maven-aether-provider-3.0.4.jar
a6e96000-a6e97000 r--s 00006000 ca:01 787442     /usr/local/apache-maven-3.0.4/lib/plexus-sec-dispatcher-1.3.jar
a6e97000-a6e9e000 r--s 00040000 ca:01 787448     /usr/local/apache-maven-3.0.4/lib/sisu-inject-bean-2.3.0.jar
a6e9e000-a6ea6000 r--s 00050000 ca:01 787449     /usr/local/apache-maven-3.0.4/lib/sisu-guice-3.1.0-no_aop.jar
a6ea6000-a7375000 rw-p 00000000 00:00 0 
a7375000-a7389000 r-xp 00000000 ca:01 770577     /usr/local/jdk1.7.0_10/jre/lib/i386/libnet.so
a7389000-a738a000 rw-p 00014000 ca:01 770577     /usr/local/jdk1.7.0_10/jre/lib/i386/libnet.so
a738a000-a7398000 r-xp 00000000 ca:01 770586     /usr/local/jdk1.7.0_10/jre/lib/i386/libnio.so
a7398000-a7399000 rw-p 0000e000 ca:01 770586     /usr/local/jdk1.7.0_10/jre/lib/i386/libnio.so
a7399000-a739a000 r--s 0000a000 ca:01 787434     /usr/local/apache-maven-3.0.4/lib/maven-embedder-3.0.4.jar
a739a000-a73a0000 r--s 0002c000 ca:01 787447     /usr/local/apache-maven-3.0.4/lib/sisu-inject-plexus-2.3.0.jar
a73a0000-a73a6000 r--s 0003f000 ca:01 787457     /usr/local/apache-maven-3.0.4/lib/maven-compat-3.0.4.jar
a73a6000-a73a8000 r--s 00006000 ca:01 787444     /usr/local/apache-maven-3.0.4/lib/maven-repository-metadata-3.0.4.jar
a73a8000-a73aa000 r--s 00002000 ca:01 787443     /usr/local/apache-maven-3.0.4/lib/plexus-cipher-1.7.jar
a73aa000-a73ae000 r--s 00033000 ca:01 787436     /usr/local/apache-maven-3.0.4/lib/plexus-utils-2.0.6.jar
a73ae000-a73b0000 r--s 0000b000 ca:01 787445     /usr/local/apache-maven-3.0.4/lib/maven-artifact-3.0.4.jar
a73b0000-a73b3000 r--s 0001d000 ca:01 787456     /usr/local/apache-maven-3.0.4/lib/aether-impl-1.13.1.jar
a73b3000-a73b7000 r--s 00021000 ca:01 787451     /usr/local/apache-maven-3.0.4/lib/maven-model-builder-3.0.4.jar
a73b7000-a73d6000 r--s 00152000 ca:01 787450     /usr/local/apache-maven-3.0.4/lib/sisu-guava-0.9.9.jar
a73d6000-a73d8000 r--s 0000a000 ca:01 787435     /usr/local/apache-maven-3.0.4/lib/maven-settings-3.0.4.jar
a73d8000-a73eb000 r--s 000af000 ca:01 787460     /usr/local/apache-maven-3.0.4/lib/wagon-http-2.2-shaded.jar
a73eb000-a73ed000 r--s 0000b000 ca:01 787446     /usr/local/apache-maven-3.0.4/lib/maven-plugin-api-3.0.4.jar
a73ed000-a73ef000 r--s 00000000 ca:01 787441     /usr/local/apache-maven-3.0.4/lib/plexus-component-annotations-1.5.5.jar
a73ef000-a73f1000 r--s 00006000 ca:01 787462     /usr/local/apache-maven-3.0.4/lib/aether-connector-wagon-1.13.1.jar
a73f1000-a73f3000 r--s 00009000 ca:01 787459     /usr/local/apache-maven-3.0.4/lib/commons-cli-1.2.jar
a73f3000-a73f6000 r--s 00008000 ca:01 787439     /usr/local/apache-maven-3.0.4/lib/maven-settings-builder-3.0.4.jar
a73f6000-a73f8000 r--s 0000d000 ca:01 787440     /usr/local/apache-maven-3.0.4/lib/plexus-interpolation-1.14.jar
a73f8000-a7404000 r--s 0007d000 ca:01 787437     /usr/local/apache-maven-3.0.4/lib/maven-core-3.0.4.jar
a7404000-a7407000 r--s 00013000 ca:01 787453     /usr/local/apache-maven-3.0.4/lib/aether-api-1.13.1.jar
a7407000-a7408000 ---p 00000000 00:00 0 
a7408000-a7488000 rw-p 00000000 00:00 0 
a7488000-a748b000 ---p 00000000 00:00 0 
a748b000-a74d9000 rw-p 00000000 00:00 0 
a74d9000-a74dc000 ---p 00000000 00:00 0 
a74dc000-a755a000 rw-p 00000000 00:00 0 
a755a000-a755d000 ---p 00000000 00:00 0 
a755d000-a75db000 rw-p 00000000 00:00 0 
a75db000-a75de000 ---p 00000000 00:00 0 
a75de000-a762c000 rw-p 00000000 00:00 0 
a762c000-a782c000 r--p 00000000 ca:01 491755     /usr/lib/locale/locale-archive
a782c000-a782f000 ---p 00000000 00:00 0 
a782f000-a787d000 rw-p 00000000 00:00 0 
a787d000-a7880000 ---p 00000000 00:00 0 
a7880000-a78ce000 rw-p 00000000 00:00 0 
a78ce000-a78cf000 ---p 00000000 00:00 0 
a78cf000-a799a000 rw-p 00000000 00:00 0 
a799a000-a7b56000 r--s 039dc000 ca:01 753722     /usr/local/jdk1.7.0_10/jre/lib/rt.jar
a7b56000-a7b66000 rw-p 00000000 00:00 0 
a7b66000-a7b77000 rw-p 00000000 00:00 0 
a7b77000-a7ba1000 rw-p 00000000 00:00 0 
a7ba1000-a7bb5000 rw-p 00000000 00:00 0 
a7bb5000-a7bdf000 rw-p 00000000 00:00 0 
a7bdf000-a7bef000 rw-p 00000000 00:00 0 
a7bef000-a7bff000 rw-p 00000000 00:00 0 
a7bff000-aa550000 rw-p 00000000 00:00 0 
aa550000-af800000 rw-p 00000000 00:00 0 
af800000-b1640000 rw-p 00000000 00:00 0 
b1640000-b3800000 rw-p 00000000 00:00 0 
b3800000-b3802000 r--s 00026000 ca:01 787438     /usr/local/apache-maven-3.0.4/lib/maven-model-3.0.4.jar
b3802000-b3803000 r--s 00003000 ca:01 787454     /usr/local/apache-maven-3.0.4/lib/aether-spi-1.13.1.jar
b3803000-b3805000 r--s 0000b000 ca:01 787458     /usr/local/apache-maven-3.0.4/lib/wagon-provider-api-2.2.jar
b3805000-b3820000 rw-p 00000000 00:00 0 
b3820000-b38c5000 rw-p 00000000 00:00 0 
b38c5000-b3f65000 rwxp 00000000 00:00 0 
b3f65000-b68c5000 rw-p 00000000 00:00 0 
b68c5000-b68dc000 r-xp 00000000 ca:01 770596     /usr/local/jdk1.7.0_10/jre/lib/i386/libzip.so
b68dc000-b68dd000 rw-p 00017000 ca:01 770596     /usr/local/jdk1.7.0_10/jre/lib/i386/libzip.so
b68dd000-b68e5000 rw-s 00000000 ca:01 2098651    /tmp/hsperfdata_root/28730
b68e5000-b68ef000 r-xp 00000000 ca:01 2081991    /lib/i386-linux-gnu/libnss_files-2.13.so
b68ef000-b68f0000 r--p 00009000 ca:01 2081991    /lib/i386-linux-gnu/libnss_files-2.13.so
b68f0000-b68f1000 rw-p 0000a000 ca:01 2081991    /lib/i386-linux-gnu/libnss_files-2.13.so
b68f1000-b68fa000 r-xp 00000000 ca:01 2081996    /lib/i386-linux-gnu/libnss_nis-2.13.so
b68fa000-b68fb000 r--p 00008000 ca:01 2081996    /lib/i386-linux-gnu/libnss_nis-2.13.so
b68fb000-b68fc000 rw-p 00009000 ca:01 2081996    /lib/i386-linux-gnu/libnss_nis-2.13.so
b68fc000-b690f000 r-xp 00000000 ca:01 2081997    /lib/i386-linux-gnu/libnsl-2.13.so
b690f000-b6910000 r--p 00012000 ca:01 2081997    /lib/i386-linux-gnu/libnsl-2.13.so
b6910000-b6911000 rw-p 00013000 ca:01 2081997    /lib/i386-linux-gnu/libnsl-2.13.so
b6911000-b6913000 rw-p 00000000 00:00 0 
b6913000-b6919000 r-xp 00000000 ca:01 2082003    /lib/i386-linux-gnu/libnss_compat-2.13.so
b6919000-b691a000 r--p 00005000 ca:01 2082003    /lib/i386-linux-gnu/libnss_compat-2.13.so
b691a000-b691b000 rw-p 00006000 ca:01 2082003    /lib/i386-linux-gnu/libnss_compat-2.13.so
b691b000-b691c000 r--p 00000000 00:00 0 
b691c000-b6920000 r--s 0001c000 ca:01 787455     /usr/local/apache-maven-3.0.4/lib/aether-util-1.13.1.jar
b6920000-b6943000 r-xp 00000000 ca:01 770562     /usr/local/jdk1.7.0_10/jre/lib/i386/libjava.so
b6943000-b6944000 rw-p 00023000 ca:01 770562     /usr/local/jdk1.7.0_10/jre/lib/i386/libjava.so
b6944000-b694f000 r-xp 00000000 ca:01 770544     /usr/local/jdk1.7.0_10/jre/lib/i386/libverify.so
b694f000-b6950000 rw-p 0000b000 ca:01 770544     /usr/local/jdk1.7.0_10/jre/lib/i386/libverify.so
b6950000-b6957000 r-xp 00000000 ca:01 2082000    /lib/i386-linux-gnu/librt-2.13.so
b6957000-b6958000 r--p 00006000 ca:01 2082000    /lib/i386-linux-gnu/librt-2.13.so
b6958000-b6959000 rw-p 00007000 ca:01 2082000    /lib/i386-linux-gnu/librt-2.13.so
b6959000-b695c000 ---p 00000000 00:00 0 
b695c000-b69aa000 rw-p 00000000 00:00 0 
b69aa000-b69ce000 r-xp 00000000 ca:01 2082009    /lib/i386-linux-gnu/libm-2.13.so
b69ce000-b69cf000 r--p 00023000 ca:01 2082009    /lib/i386-linux-gnu/libm-2.13.so
b69cf000-b69d0000 rw-p 00024000 ca:01 2082009    /lib/i386-linux-gnu/libm-2.13.so
b69d0000-b7189000 r-xp 00000000 ca:01 786436     /usr/local/jdk1.7.0_10/jre/lib/i386/server/libjvm.so
b7189000-b71db000 rw-p 007b9000 ca:01 786436     /usr/local/jdk1.7.0_10/jre/lib/i386/server/libjvm.so
b71db000-b75fe000 rw-p 00000000 00:00 0 
b75fe000-b775f000 r-xp 00000000 ca:01 2082007    /lib/i386-linux-gnu/libc-2.13.so
b775f000-b7760000 ---p 00161000 ca:01 2082007    /lib/i386-linux-gnu/libc-2.13.so
b7760000-b7762000 r--p 00161000 ca:01 2082007    /lib/i386-linux-gnu/libc-2.13.so
b7762000-b7763000 rw-p 00163000 ca:01 2082007    /lib/i386-linux-gnu/libc-2.13.so
b7763000-b7766000 rw-p 00000000 00:00 0 
b7766000-b7768000 r-xp 00000000 ca:01 2082002    /lib/i386-linux-gnu/libdl-2.13.so
b7768000-b7769000 r--p 00001000 ca:01 2082002    /lib/i386-linux-gnu/libdl-2.13.so
b7769000-b776a000 rw-p 00002000 ca:01 2082002    /lib/i386-linux-gnu/libdl-2.13.so
b776a000-b776b000 rw-p 00000000 00:00 0 
b776b000-b777e000 r-xp 00000000 ca:01 770566     /usr/local/jdk1.7.0_10/jre/lib/i386/jli/libjli.so
b777e000-b777f000 rw-p 00012000 ca:01 770566     /usr/local/jdk1.7.0_10/jre/lib/i386/jli/libjli.so
b777f000-b7794000 r-xp 00000000 ca:01 2082008    /lib/i386-linux-gnu/libpthread-2.13.so
b7794000-b7795000 r--p 00015000 ca:01 2082008    /lib/i386-linux-gnu/libpthread-2.13.so
b7795000-b7796000 rw-p 00016000 ca:01 2082008    /lib/i386-linux-gnu/libpthread-2.13.so
b7796000-b7798000 rw-p 00000000 00:00 0 
b7798000-b7799000 r--s 00002000 ca:01 787461     /usr/local/apache-maven-3.0.4/lib/wagon-file-2.2.jar
b7799000-b779b000 r--s 0000a000 ca:01 787432     /usr/local/apache-maven-3.0.4/boot/plexus-classworlds-2.4.jar
b779b000-b779c000 rw-p 00000000 00:00 0 
b779c000-b779d000 r--p 00000000 00:00 0 
b779d000-b77a1000 rw-p 00000000 00:00 0 
b77a1000-b77a2000 r-xp 00000000 00:00 0          [vdso]
b77a2000-b77be000 r-xp 00000000 ca:01 2081999    /lib/i386-linux-gnu/ld-2.13.so
b77be000-b77bf000 r--p 0001b000 ca:01 2081999    /lib/i386-linux-gnu/ld-2.13.so
b77bf000-b77c0000 rw-p 0001c000 ca:01 2081999    /lib/i386-linux-gnu/ld-2.13.so
bf9a6000-bf9c7000 rw-p 00000000 00:00 0          [stack]

VM Arguments:
jvm_args: -Dclassworlds.conf=/usr/local/maven/bin/m2.conf -Dmaven.home=/usr/local/maven 
java_command: org.codehaus.plexus.classworlds.launcher.Launcher jetty:run -Djetty.port=29999 -Duser.country=CN -Duser.language=zh
Launcher Type: SUN_STANDARD

Environment Variables:
JAVA_HOME=/usr/local/jdk
PATH=/usr/local/sbin:/usr/local/bin:/usr/sbin:/usr/bin:/sbin:/bin:/usr/local/maven/bin:/usr/local/jdk/bin:/usr/local/maven/bin:/usr/local/jdk/bin
SHELL=/bin/bash

Signal Handlers:
SIGSEGV: [libjvm.so+0x720eb0], sa_mask[0]=0x7ffbfeff, sa_flags=0x10000004
SIGBUS: [libjvm.so+0x720eb0], sa_mask[0]=0x7ffbfeff, sa_flags=0x10000004
SIGFPE: [libjvm.so+0x5d9d00], sa_mask[0]=0x7ffbfeff, sa_flags=0x10000004
SIGPIPE: [libjvm.so+0x5d9d00], sa_mask[0]=0x7ffbfeff, sa_flags=0x10000004
SIGXFSZ: [libjvm.so+0x5d9d00], sa_mask[0]=0x7ffbfeff, sa_flags=0x10000004
SIGILL: [libjvm.so+0x5d9d00], sa_mask[0]=0x7ffbfeff, sa_flags=0x10000004
SIGUSR1: SIG_DFL, sa_mask[0]=0x00000000, sa_flags=0x00000000
SIGUSR2: [libjvm.so+0x5d95e0], sa_mask[0]=0x00000000, sa_flags=0x10000004
SIGHUP: SIG_IGN, sa_mask[0]=0x00000000, sa_flags=0x00000000
SIGINT: SIG_IGN, sa_mask[0]=0x00000000, sa_flags=0x00000000
SIGTERM: [libjvm.so+0x5dbbd0], sa_mask[0]=0x7ffbfeff, sa_flags=0x10000004
SIGQUIT: [libjvm.so+0x5dbbd0], sa_mask[0]=0x7ffbfeff, sa_flags=0x10000004


---------------  S Y S T E M  ---------------

OS:squeeze/sid

uname:Linux 2.6.38-8-generic-pae #42-Ubuntu SMP Mon Apr 11 05:17:09 UTC 2011 i686
libc:glibc 2.13 NPTL 2.13 
rlimit: STACK 8192k, CORE 0k, NPROC 12000, NOFILE 180000, AS infinity
load average:1.31 0.40 0.17

/proc/meminfo:
MemTotal:         505760 kB
MemFree:            7184 kB
Buffers:           20084 kB
Cached:            67872 kB
SwapCached:         1528 kB
Active:           236456 kB
Inactive:         237820 kB
Active(anon):     192644 kB
Inactive(anon):   193848 kB
Active(file):      43812 kB
Inactive(file):    43972 kB
Unevictable:           0 kB
Mlocked:               0 kB
HighTotal:             0 kB
HighFree:              0 kB
LowTotal:         505760 kB
LowFree:            7184 kB
SwapTotal:       1048572 kB
SwapFree:        1028556 kB
Dirty:               148 kB
Writeback:             0 kB
AnonPages:        385772 kB
Mapped:            13416 kB
Shmem:               176 kB
Slab:              15924 kB
SReclaimable:      11616 kB
SUnreclaim:         4308 kB
KernelStack:        1024 kB
PageTables:         1844 kB
NFS_Unstable:          0 kB
Bounce:                0 kB
WritebackTmp:          0 kB
CommitLimit:     1301452 kB
Committed_AS:     609464 kB
VmallocTotal:     331768 kB
VmallocUsed:        2792 kB
VmallocChunk:     328812 kB
HardwareCorrupted:     0 kB
HugePages_Total:       0
HugePages_Free:        0
HugePages_Rsvd:        0
HugePages_Surp:        0
Hugepagesize:       2048 kB
DirectMap4k:      532480 kB
DirectMap2M:           0 kB


CPU:total 1 (6 cores per cpu, 2 threads per core) family 6 model 45 stepping 7, cmov, cx8, fxsr, mmx, sse, sse2, sse3, ssse3, sse4.1, sse4.2, popcnt, ht, tsc, tscinvbit, tscinv

/proc/cpuinfo:
processor	: 0
vendor_id	: GenuineIntel
cpu family	: 6
model		: 45
model name	: Intel(R) Xeon(R) CPU E5-2620 0 @ 2.00GHz
stepping	: 7
cpu MHz		: 1999.999
cache size	: 15360 KB
fdiv_bug	: no
hlt_bug		: no
f00f_bug	: no
coma_bug	: no
fpu		: yes
fpu_exception	: yes
cpuid level	: 13
wp		: yes
flags		: fpu de tsc msr pae cx8 sep cmov pat clflush mmx fxsr sse sse2 ss ht nx constant_tsc up nonstop_tsc pni pclmulqdq ssse3 sse4_1 sse4_2 x2apic popcnt aes avx hypervisor
bogomips	: 3999.99
clflush size	: 64
cache_alignment	: 64
address sizes	: 46 bits physical, 48 bits virtual
power management:



Memory: 4k page, physical 505760k(7184k free), swap 1048572k(1028556k free)

vm_info: Java HotSpot(TM) Server VM (23.6-b04) for linux-x86 JRE (1.7.0_10-b18), built on Nov 28 2012 04:28:35 by "java_re" with gcc 4.3.0 20080428 (Red Hat 4.3.0-8)

time: Thu Jan 24 08:17:15 2013
elapsed time: 116623 seconds

